<?xml version="1.0" encoding="UTF-8"?>
<!-- Generated by org.testng.reporters.JUnitXMLReporter -->
<testsuite ignored="13" hostname="PSDLAP374" failures="0" tests="1" name="Default test" time="66.329" errors="0" timestamp="2025-01-02T14:40:19 IST">
  <testcase classname="test.Viewer.ViewerDashboardTest" name="TC_250_Verification_of_visibility_of_submitted_or_partially_submitted_timesheet_to_lead_from_the_date_lead_is_selected" time="7.566"/>
  <testcase classname="test.Viewer.ViewerDashboardTest" name="TC_011_Verification_of_filter_reset_operation_" time="0.0">
    <ignored/>
  </testcase> <!-- TC_011_Verification_of_filter_reset_operation_ -->
  <testcase classname="test.Viewer.ViewerDashboardTest" name="TC_003_Verification_of_different_colour_clues_for_different_access_type" time="0.0">
    <ignored/>
  </testcase> <!-- TC_003_Verification_of_different_colour_clues_for_different_access_type -->
  <testcase classname="test.Viewer.ViewerDashboardTest" name="TC_002_Verification_of_Home_Button_after_drill_down" time="0.0">
    <ignored/>
  </testcase> <!-- TC_002_Verification_of_Home_Button_after_drill_down -->
  <testcase classname="test.Viewer.ViewerDashboardTest" name="TC_008_Verification_of_total_billable_and_non_billable_hour_according_to_year_dropdown" time="0.0">
    <ignored/>
  </testcase> <!-- TC_008_Verification_of_total_billable_and_non_billable_hour_according_to_year_dropdown -->
  <testcase classname="test.Viewer.ViewerDashboardTest" name="TC_006_Verification_of_list_of_claimed_tasks_by_direct_reportees_" time="0.0">
    <ignored/>
  </testcase> <!-- TC_006_Verification_of_list_of_claimed_tasks_by_direct_reportees_ -->
  <testcase classname="test.Viewer.ViewerDashboardTest" name="TC_162_Verification_of_count" time="0.0">
    <ignored/>
  </testcase> <!-- TC_162_Verification_of_count -->
  <testcase classname="test.Viewer.ViewerDashboardTest" name="TC_007_Verification_of_claimed_task_hours_change_with_Financial_year_dropdown_" time="0.0">
    <ignored/>
  </testcase> <!-- TC_007_Verification_of_claimed_task_hours_change_with_Financial_year_dropdown_ -->
  <testcase classname="test.Viewer.ViewerDashboardTest" name="TC_004_toogle_switchoff" time="0.0">
    <ignored/>
  </testcase> <!-- TC_004_toogle_switchoff -->
  <testcase classname="test.Viewer.ViewerDashboardTest" name="TC_001_Verification_of_drill_down_operation" time="0.0">
    <ignored/>
  </testcase> <!-- TC_001_Verification_of_drill_down_operation -->
  <testcase classname="test.Viewer.ViewerDashboardTest" name="initial_test" time="0.0">
    <ignored/>
  </testcase> <!-- initial_test -->
  <testcase classname="test.Viewer.ViewerDashboardTest" name="TC_004_toogle_switchon" time="0.0">
    <ignored/>
  </testcase> <!-- TC_004_toogle_switchon -->
  <testcase classname="test.Viewer.ViewerDashboardTest" name="TC_005_Verification_of_list_of_associated_clients" time="0.0">
    <ignored/>
  </testcase> <!-- TC_005_Verification_of_list_of_associated_clients -->
  <testcase classname="test.Viewer.ViewerDashboardTest" name="TC_010_Verification_of_filter_operation_on_submitted_timesheets_using_reportee_dropdown" time="0.0">
    <ignored/>
  </testcase> <!-- TC_010_Verification_of_filter_operation_on_submitted_timesheets_using_reportee_dropdown -->
</testsuite> <!-- Default test -->
