<?xml version="1.0" encoding="UTF-8"?>
<!-- Generated by org.testng.reporters.JUnitXMLReporter -->
<testsuite ignored="5" hostname="PSDLAP374" failures="0" tests="2" name="Default test" time="165.45" errors="0" timestamp="2024-12-23T14:56:39 IST">
  <testcase classname="test.HumanResource.EmployeesTest_HR" name="modify_Employee_Status_HR_TC161" time="56.043">
    <skipped/>
  </testcase> <!-- modify_Employee_Status_HR_TC161 -->
  <testcase classname="test.HumanResource.EmployeesTest_HR" name="modify_Employee_Status_HR_TC161" time="11.73"/>
  <testcase classname="test.HumanResource.EmployeesTest_HR" name="add_Employee_HR_TC021" time="0.0">
    <ignored/>
  </testcase> <!-- add_Employee_HR_TC021 -->
  <testcase classname="test.HumanResource.EmployeesTest_HR" name="refresh_Operation_HR_TC020" time="0.0">
    <ignored/>
  </testcase> <!-- refresh_Operation_HR_TC020 -->
  <testcase classname="test.HumanResource.EmployeesTest_HR" name="details_of_employees_HR_TC017" time="0.0">
    <ignored/>
  </testcase> <!-- details_of_employees_HR_TC017 -->
  <testcase classname="test.HumanResource.EmployeesTest_HR" name="search_Operation_HR_TC019" time="0.0">
    <ignored/>
  </testcase> <!-- search_Operation_HR_TC019 -->
  <testcase classname="test.HumanResource.EmployeesTest_HR" name="change_Effective_date_current_lead_of_inactive_employee_HR_TC238" time="0.0">
    <ignored/>
  </testcase> <!-- change_Effective_date_current_lead_of_inactive_employee_HR_TC238 -->
</testsuite> <!-- Default test -->
