<?xml version="1.0" encoding="UTF-8"?>
<!-- Generated by org.testng.reporters.JUnitXMLReporter -->
<testsuite ignored="0" hostname="PSDLAP374" failures="0" tests="39" name="Test" time="2953.634" errors="0" timestamp="2025-01-27T17:19:25 IST">
  <testcase classname="test.HumanResource.HRDashboardTest" name="GreenRlButton" time="26.791"/>
  <testcase classname="test.HumanResource.HRDashboardTest" name="PurplePlButton" time="34.456"/>
  <testcase classname="test.HumanResource.HRDashboardTest" name="BlackUserButton" time="35.435"/>
  <testcase classname="test.HumanResource.EmployeesTest_HR" name="details_of_employees_HR_TC017" time="47.462"/>
  <testcase classname="test.HumanResource.EmployeesTest_HR" name="search_Operation_HR_TC019" time="47.714"/>
  <testcase classname="test.HumanResource.EmployeesTest_HR" name="refresh_Operation_HR_TC020" time="50.464"/>
  <testcase classname="test.HumanResource.EmployeesTest_HR" name="add_Employee_HR_TC021" time="37.551"/>
  <testcase classname="test.HumanResource.EmployeesTest_HR" name="modify_Employee_Status_HR_TC161" time="37.061"/>
  <testcase classname="test.HumanResource.EmployeesTest_HR" name="change_Effective_date_current_lead_of_inactive_employee_HR_TC238" time="32.42"/>
  <testcase classname="test.HumanResource.ClientTabTest_HR" name="TC_026_searchClientByName_HR" time="124.284"/>
  <testcase classname="test.HumanResource.ClientTabTest_HR" name="TC_027_refreshButton_HR" time="127.085"/>
  <testcase classname="test.HumanResource.ProjectTabTest_HR" name="TC_032_SearchProject_HR" time="56.121"/>
  <testcase classname="test.HumanResource.ProjectTabTest_HR" name="TC_033_RefreshProject_HR" time="51.673"/>
  <testcase classname="test.HumanResource.ChargeActivityTypeTest" name="Search_and_refresh_HR_TC_040" time="51.547"/>
  <testcase classname="test.HumanResource.TimesheetSettingTest_HR" name="Search_using_employee_TC_049_HR" time="52.33"/>
  <testcase classname="test.HumanResource.TimesheetSettingTest_HR" name="Search_using_client_TC_050_HR" time="49.828"/>
  <testcase classname="test.HumanResource.TimesheetSettingTest_HR" name="Search_and_refresh_TC_051_HR" time="59.945"/>
  <testcase classname="test.HumanResource.TasksAllocationTest_HR" name="Remaining_hours_alert_icon_TC_295_HR" time="72.925"/>
  <testcase classname="test.HumanResource.TasksAllocationTest_HR" name="Search_Operation_TC_044_HR" time="54.368"/>
  <testcase classname="test.HumanResource.TasksAllocationTest_HR" name="Search_and_Reset_Operation_TC_045_HR" time="57.009"/>
  <testcase classname="test.HumanResource.ApprovalsTabTest_HR" name="TC_066_searchtimesheetbyDate_HR" time="62.362"/>
  <testcase classname="test.HumanResource.ApprovalsTabTest_HR" name="TC_067_searchtimesheetbyStatus_HR" time="54.901"/>
  <testcase classname="test.HumanResource.ApprovalsTabTest_HR" name="TC_068_searchtimesheetbyReportee_HR" time="251.842"/>
  <testcase classname="test.HumanResource.ApprovalsTabTest_HR" name="TC_069_refresh_HR" time="134.134"/>
  <testcase classname="test.HumanResource.ApprovalsTabTest_HR" name="TC_070_approveTimesheet_HR" time="150.064"/>
  <testcase classname="test.HumanResource.ApprovalsTabTest_HR" name="TC_146_dataVisibility_HR" time="92.555"/>
  <testcase classname="test.HumanResource.ApprovalsTabTest_HR" name="TC_147_fyFilter_HR" time="42.569"/>
  <testcase classname="test.HumanResource.HREvalSettingTest" name="TC_165_Verification_of_navigation_to_the_evaluation_section_HR" time="27.325"/>
  <testcase classname="test.HumanResource.HREvalSettingTest" name="TC_166_Verification_of_navigation_to_the_evaluation_categories_section_HR" time="31.276"/>
  <testcase classname="test.HumanResource.HREvalSettingTest" name="TC_167_Verification_of_navigation_to_the_evaluation_eligibility_section_HR" time="31.398"/>
  <testcase classname="test.HumanResource.HREvalSettingTest" name="TC_168_Verification_of_refresh_opeartion_for_data_set_changes_in_evaluation_section_HR" time="27.452"/>
  <testcase classname="test.HumanResource.HREvalSettingTest" name="TC_169_Verification_of_filteration_of_employee_through_employee_dropdown_HR" time="32.701"/>
  <testcase classname="test.HumanResource.HREvalSettingTest" name="TC_170_Verification_of_refresh_operation_for_the_filter_of_employee_HR" time="29.009"/>
  <testcase classname="test.HumanResource.HREvalSettingTest" name="TC_171_Verification_of_filteration_of_quarters_by_Review_Period_dropdown_HR" time="53.199">
    <skipped/>
  </testcase> <!-- TC_171_Verification_of_filteration_of_quarters_by_Review_Period_dropdown_HR -->
  <testcase classname="test.HumanResource.HREvalSettingTest" name="TC_171_Verification_of_filteration_of_quarters_by_Review_Period_dropdown_HR" time="36.955"/>
  <testcase classname="test.HumanResource.HREvalSettingTest" name="TC_186_Verification_of_active_section_of_categories_HR" time="34.026"/>
  <testcase classname="test.HumanResource.HREvalSettingTest" name="TC_187_Verification_of_archived_section_of_categories_HR" time="31.979"/>
  <testcase classname="test.HumanResource.HREvalSettingTest" name="TC_189_Verification_of_search_operation_of_active_category_by_providing_category_name_HR" time="35.326"/>
  <testcase classname="test.HumanResource.HREvalSettingTest" name="TC_190_Verification_of_refresh_button_for_active_category_HR" time="62.708"/>
</testsuite> <!-- Test -->
