<?xml version="1.0" encoding="UTF-8"?>
<!-- Generated by org.testng.reporters.JUnitXMLReporter -->
<testsuite ignored="0" hostname="PSDLAP374" failures="0" tests="37" name="Test" time="2143.638" errors="0" timestamp="2024-12-24T15:35:06 IST">
  <testcase classname="test.HumanResource.HRDashboardTest" name="different_colour_clues" time="2.037"/>
  <testcase classname="test.HumanResource.HRDashboardTest" name="GreenRlButton" time="4.779"/>
  <testcase classname="test.HumanResource.HRDashboardTest" name="PurplePlButton" time="5.021"/>
  <testcase classname="test.HumanResource.HRDashboardTest" name="BlackUserButton" time="3.791"/>
  <testcase classname="test.HumanResource.EmployeesTest_HR" name="details_of_employees_HR_TC017" time="6.509"/>
  <testcase classname="test.HumanResource.EmployeesTest_HR" name="search_Operation_HR_TC019" time="8.042"/>
  <testcase classname="test.HumanResource.EmployeesTest_HR" name="refresh_Operation_HR_TC020" time="8.657"/>
  <testcase classname="test.HumanResource.EmployeesTest_HR" name="add_Employee_HR_TC021" time="11.031"/>
  <testcase classname="test.HumanResource.EmployeesTest_HR" name="modify_Employee_Status_HR_TC161" time="9.589"/>
  <testcase classname="test.HumanResource.EmployeesTest_HR" name="change_Effective_date_current_lead_of_inactive_employee_HR_TC238" time="11.223"/>
  <testcase classname="test.HumanResource.ClientTabTest_HR" name="TC_026_searchClientByName_HrRole" time="7.136"/>
  <testcase classname="test.HumanResource.ClientTabTest_HR" name="TC_027_refreshButton_HrRole" time="13.304"/>
  <testcase classname="test.HumanResource.ClientTabTest_HR" name="viewClientDetails_HrRole" time="9.332"/>
  <testcase classname="test.HumanResource.ClientTabTest_HR" name="viewProjectDetails_HrRole" time="97.781"/>
  <testcase classname="test.HumanResource.ProjectTabTest_HR" name="initiaTest" time="5.386"/>
  <testcase classname="test.HumanResource.ProjectTabTest_HR" name="TC_032_SearchProject_HR" time="4.267"/>
  <testcase classname="test.HumanResource.ProjectTabTest_HR" name="TC_033_RefreshProject_HR" time="5.016"/>
  <testcase classname="test.HumanResource.ChargeActivityTypeTest" name="Search_and_refresh_HR_TC_040" time="6.047"/>
  <testcase classname="test.HumanResource.TimesheetSettingTest_HR" name="Search_using_employee_TC_049_HR" time="3.689"/>
  <testcase classname="test.HumanResource.TimesheetSettingTest_HR" name="Search_using_client_TC_050_HR" time="4.509"/>
  <testcase classname="test.HumanResource.TimesheetSettingTest_HR" name="Search_and_refresh_TC_051_HR" time="6.205"/>
  <testcase classname="test.HumanResource.TasksAllocationTest_HR" name="Remaining_hours_alert_icon_TC_295_HR" time="4.827"/>
  <testcase classname="test.HumanResource.TasksAllocationTest_HR" name="Search_Operation_TC_044_HR" time="4.457"/>
  <testcase classname="test.HumanResource.TasksAllocationTest_HR" name="Search_and_Reset_Operation_TC_045_HR" time="7.271"/>
  <testcase classname="test.HumanResource.ApprovalsTabTest_HR" name="TC_066_searchtimesheetbyDate_HR" time="7.654"/>
  <testcase classname="test.HumanResource.ApprovalsTabTest_HR" name="TC_067_searchtimesheetbyStatus_HR" time="17.839"/>
  <testcase classname="test.HumanResource.HREvalSettingTest" name="TC_165_Verification_of_navigation_to_the_evaluation_section_HR" time="3.048"/>
  <testcase classname="test.HumanResource.HREvalSettingTest" name="TC_166_Verification_of_navigation_to_the_evaluation_categories_section_HR" time="4.175"/>
  <testcase classname="test.HumanResource.HREvalSettingTest" name="TC_167_Verification_of_navigation_to_the_evaluation_eligibility_section_HR" time="4.478"/>
  <testcase classname="test.HumanResource.HREvalSettingTest" name="TC_168_Verification_of_refresh_opeartion_for_data_set_changes_in_evaluation_section_HR" time="8.761"/>
  <testcase classname="test.HumanResource.HREvalSettingTest" name="TC_169_Verification_of_filteration_of_employee_through_employee_dropdown_HR" time="8.735"/>
  <testcase classname="test.HumanResource.HREvalSettingTest" name="TC_170_Verification_of_refresh_operation_for_the_filter_of_employee_HR" time="5.438"/>
  <testcase classname="test.HumanResource.HREvalSettingTest" name="TC_171_Verification_of_filteration_of_quarters_by_Review_Period_dropdown_HR" time="153.463"/>
  <testcase classname="test.HumanResource.HREvalSettingTest" name="TC_186_Verification_of_active_section_of_categories_HR" time="9.692"/>
  <testcase classname="test.HumanResource.HREvalSettingTest" name="TC_187_Verification_of_archived_section_of_categories_HR" time="10.541"/>
  <testcase classname="test.HumanResource.HREvalSettingTest" name="TC_189_Searching_of_active_Category_HR" time="8.538"/>
  <testcase classname="test.HumanResource.HREvalSettingTest" name="TC_190_Search_and_refresh_of_active_CategoryHR" time="8.502"/>
</testsuite> <!-- Test -->
