<?xml version="1.0" encoding="UTF-8"?>
<testng-results ignored="0" total="1" passed="1" failed="0" skipped="0">
  <reporter-output>
  </reporter-output>
  <suite started-at="2024-08-28T18:47:16 IST" name="Default suite" finished-at="2024-08-28T18:47:55 IST" duration-ms="39376">
    <groups>
    </groups>
    <test started-at="2024-08-28T18:47:16 IST" name="Default test" finished-at="2024-08-28T18:47:55 IST" duration-ms="39376">
      <class name="Timesheet_Test.AddEmployeeTest">
        <test-method is-config="true" signature="setup()[pri:0, instance:Timesheet_Test.AddEmployeeTest@14f232c4]" started-at="2024-08-28T18:47:16 IST" name="setup" finished-at="2024-08-28T18:47:19 IST" duration-ms="3727" status="PASS">
          <reporter-output>
          </reporter-output>
        </test-method> <!-- setup -->
        <test-method signature="addNewEmpoyeeTest()[pri:0, instance:Timesheet_Test.AddEmployeeTest@14f232c4]" started-at="2024-08-28T18:47:19 IST" name="addNewEmpoyeeTest" finished-at="2024-08-28T18:47:55 IST" duration-ms="35594" status="PASS">
          <reporter-output>
          </reporter-output>
        </test-method> <!-- addNewEmpoyeeTest -->
      </class> <!-- Timesheet_Test.AddEmployeeTest -->
    </test> <!-- Default test -->
  </suite> <!-- Default suite -->
</testng-results>
