<?xml version="1.0" encoding="UTF-8"?>
<testng-results ignored="0" total="1" passed="1" failed="0" skipped="0">
  <reporter-output>
  </reporter-output>
  <suite started-at="2025-02-10T21:15:13 IST" name="ptms" finished-at="2025-02-10T21:15:13 IST" duration-ms="67">
    <groups>
    </groups>
    <test started-at="2025-02-10T21:15:13 IST" name="ptms" finished-at="2025-02-10T21:15:13 IST" duration-ms="67">
      <class name="Test.Hometest">
        <test-method signature="printMessage()[pri:1, instance:Test.Hometest@6440112d]" started-at="2025-02-10T21:15:13 IST" name="printMessage" finished-at="2025-02-10T21:15:13 IST" duration-ms="14" status="PASS">
          <reporter-output>
          </reporter-output>
        </test-method> <!-- printMessage -->
      </class> <!-- Test.Hometest -->
    </test> <!-- ptms -->
  </suite> <!-- ptms -->
</testng-results>
