<?xml version="1.0" encoding="UTF-8"?>
<!-- Generated by org.testng.reporters.JUnitReportReporter -->
<testsuite hostname="PSDLAP374" failures="0" tests="4" name="test.HumanResource.HRDashboardTest" time="172.820" errors="0" timestamp="2024-12-30T23:06:13 IST" skipped="0">
  <testcase classname="test.HumanResource.HRDashboardTest" name="different_colour_clues" time="42.293"/>
  <testcase classname="test.HumanResource.HRDashboardTest" name="GreenRlButton" time="43.718"/>
  <testcase classname="test.HumanResource.HRDashboardTest" name="PurplePlButton" time="45.122"/>
  <testcase classname="test.HumanResource.HRDashboardTest" name="BlackUserButton" time="41.687"/>
</testsuite> <!-- test.HumanResource.HRDashboardTest -->
