<?xml version="1.0" encoding="UTF-8"?>
<!-- Generated by org.testng.reporters.JUnitReportReporter -->
<testsuite hostname="PSDLAP374" failures="0" tests="11" name="test.HumanResource.HREvalSettingTest" time="725.197" errors="0" timestamp="2024-12-24T15:35:07 IST" skipped="0">
  <testcase classname="test.HumanResource.HREvalSettingTest" name="TC_165_Verification_of_navigation_to_the_evaluation_section_HR" time="53.589"/>
  <testcase classname="test.HumanResource.HREvalSettingTest" name="TC_166_Verification_of_navigation_to_the_evaluation_categories_section_HR" time="45.957"/>
  <testcase classname="test.HumanResource.HREvalSettingTest" name="TC_167_Verification_of_navigation_to_the_evaluation_eligibility_section_HR" time="49.739"/>
  <testcase classname="test.HumanResource.HREvalSettingTest" name="TC_168_Verification_of_refresh_opeartion_for_data_set_changes_in_evaluation_section_HR" time="53.611"/>
  <testcase classname="test.HumanResource.HREvalSettingTest" name="TC_169_Verification_of_filteration_of_employee_through_employee_dropdown_HR" time="57.682"/>
  <testcase classname="test.HumanResource.HREvalSettingTest" name="TC_170_Verification_of_refresh_operation_for_the_filter_of_employee_HR" time="46.615"/>
  <testcase classname="test.HumanResource.HREvalSettingTest" name="TC_171_Verification_of_filteration_of_quarters_by_Review_Period_dropdown_HR" time="199.404"/>
  <testcase classname="test.HumanResource.HREvalSettingTest" name="TC_186_Verification_of_active_section_of_categories_HR" time="51.396"/>
  <testcase classname="test.HumanResource.HREvalSettingTest" name="TC_187_Verification_of_archived_section_of_categories_HR" time="49.411"/>
  <testcase classname="test.HumanResource.HREvalSettingTest" name="TC_189_Searching_of_active_Category_HR" time="58.148"/>
  <testcase classname="test.HumanResource.HREvalSettingTest" name="TC_190_Search_and_refresh_of_active_CategoryHR" time="59.645"/>
</testsuite> <!-- test.HumanResource.HREvalSettingTest -->
