<?xml version="1.0" encoding="UTF-8"?>
<!-- Generated by org.testng.reporters.JUnitReportReporter -->
<testsuite hostname="PSDLAP374" failures="0" tests="1" name="test.ReportingLead.RLDashboardTest" time="48.619" errors="0" timestamp="2025-02-06T13:31:05 IST" skipped="0">
  <testcase classname="test.ReportingLead.RLDashboardTest" name="TC_010_Verification_of_filter_operation_on_submitted_timesheets_using_reportee_dropdown" time="48.619"/>
</testsuite> <!-- test.ReportingLead.RLDashboardTest -->
