<?xml version="1.0" encoding="UTF-8"?>
<!-- Generated by org.testng.reporters.JUnitReportReporter -->
<testsuite hostname="PSDLAP374" failures="0" tests="2" name="test.HumanResource.ClientTabTest_HR" time="285.973" errors="0" timestamp="2025-01-27T17:19:25 IST" skipped="0">
  <testcase classname="test.HumanResource.ClientTabTest_HR" name="TC_026_searchClientByName_HR" time="141.621"/>
  <testcase classname="test.HumanResource.ClientTabTest_HR" name="TC_027_refreshButton_HR" time="144.352"/>
</testsuite> <!-- test.HumanResource.ClientTabTest_HR -->
