<?xml version="1.0" encoding="UTF-8"?>
<!-- Generated by org.testng.reporters.JUnitReportReporter -->
<testsuite hostname="PSDLAP374" failures="0" tests="20" name="test.EditorDashboardTest" time="1012.487" errors="0" timestamp="2024-12-06T18:24:02 IST" skipped="0">
  <testcase classname="test.EditorDashboardTest" name="Navigate_to_dashboard" time="45.994"/>
  <testcase classname="test.EditorDashboardTest" name="TC_002_Click_reportee" time="48.698"/>
  <testcase classname="test.EditorDashboardTest" name="TC_003_GreenRlButton" time="46.823"/>
  <testcase classname="test.EditorDashboardTest" name="TC_003_PurplePlButton" time="46.141"/>
  <testcase classname="test.EditorDashboardTest" name="TC_003_BlackUserButton" time="55.426"/>
  <testcase classname="test.EditorDashboardTest" name="TC_004_toogle_switchon" time="53.019"/>
  <testcase classname="test.EditorDashboardTest" name="TC_004_toogle_switchoff" time="48.545"/>
  <testcase classname="test.EditorDashboardTest" name="TC_005_Verification_of_list_of_associated_clients" time="47.360"/>
  <testcase classname="test.EditorDashboardTest" name="TC_006_Verification_of_list_of_claimed_tasks_by_direct_reportees" time="49.704"/>
  <testcase classname="test.EditorDashboardTest" name="TC_007_Verification_of_claimed_task_hours_change_with_Financial_year_dropdown" time="54.514"/>
  <testcase classname="test.EditorDashboardTest" name="TC_008__total_billable_and_non_billable_hour_according_to_year_dropdown" time="46.977"/>
  <testcase classname="test.EditorDashboardTest" name="TC_009_navigation_to_submitted_timesheet_for_approval_or_rejection" time="50.794"/>
  <testcase classname="test.EditorDashboardTest" name="TC_010_reportee_dropdown" time="52.584"/>
  <testcase classname="test.EditorDashboardTest" name="TC_011_Verification_of_filter_reset_operation" time="60.058"/>
  <testcase classname="test.EditorDashboardTest" name="TC_289_notification_icon" time="51.014"/>
  <testcase classname="test.EditorDashboardTest" name="TC_290_refresh_btn" time="50.753"/>
  <testcase classname="test.EditorDashboardTest" name="TC_291_Verification_of_visibility_of_requests_for_lead_change" time="46.164"/>
  <testcase classname="test.EditorDashboardTest" name="TC_292_Verification_of_approving_submitted_lead_change_request" time="57.212"/>
  <testcase classname="test.EditorDashboardTest" name="TC_293_Verification_of_rejecting_submitted_lead_change_request" time="51.037"/>
  <testcase classname="test.EditorDashboardTest" name="TC_294_close_btn" time="49.670"/>
</testsuite> <!-- test.EditorDashboardTest -->
