<?xml version="1.0" encoding="UTF-8"?>
<!-- Generated by org.testng.reporters.JUnitReportReporter -->
<testsuite hostname="PSDLAP374" failures="0" tests="2" name="test.HumanResource.ApprovalsTabTest_HR" time="114.155" errors="0" timestamp="2024-12-24T15:35:07 IST" skipped="0">
  <testcase classname="test.HumanResource.ApprovalsTabTest_HR" name="TC_066_searchtimesheetbyDate_HR" time="50.685"/>
  <testcase classname="test.HumanResource.ApprovalsTabTest_HR" name="TC_067_searchtimesheetbyStatus_HR" time="63.470"/>
</testsuite> <!-- test.HumanResource.ApprovalsTabTest_HR -->
