<?xml version="1.0" encoding="UTF-8"?>
<!-- Generated by org.testng.reporters.JUnitReportReporter -->
<testsuite hostname="PSDLAP374" failures="0" tests="6" name="test.HumanResource.EmployeesTest_HR" time="304.639" errors="0" timestamp="2024-12-24T15:35:07 IST" skipped="0">
  <testcase classname="test.HumanResource.EmployeesTest_HR" name="details_of_employees_HR_TC017" time="47.403"/>
  <testcase classname="test.HumanResource.EmployeesTest_HR" name="search_Operation_HR_TC019" time="47.673"/>
  <testcase classname="test.HumanResource.EmployeesTest_HR" name="refresh_Operation_HR_TC020" time="50.860"/>
  <testcase classname="test.HumanResource.EmployeesTest_HR" name="add_Employee_HR_TC021" time="52.496"/>
  <testcase classname="test.HumanResource.EmployeesTest_HR" name="modify_Employee_Status_HR_TC161" time="53.103"/>
  <testcase classname="test.HumanResource.EmployeesTest_HR" name="change_Effective_date_current_lead_of_inactive_employee_HR_TC238" time="53.104"/>
</testsuite> <!-- test.HumanResource.EmployeesTest_HR -->
