<?xml version="1.0" encoding="UTF-8"?>
<!-- Generated by org.testng.reporters.JUnitReportReporter -->
<testsuite hostname="PSDLAP374" failures="0" tests="4" name="test.TimesheetDashboardTest" time="194.534" errors="0" timestamp="2024-12-07T14:58:50 IST" skipped="0">
  <testcase classname="test.TimesheetDashboardTest" name="different_colour_clues" time="46.122"/>
  <testcase classname="test.TimesheetDashboardTest" name="GreenRlButton" time="45.363"/>
  <testcase classname="test.TimesheetDashboardTest" name="PurplePlButton" time="45.237"/>
  <testcase classname="test.TimesheetDashboardTest" name="BlackUserButton" time="57.812"/>
</testsuite> <!-- test.TimesheetDashboardTest -->
