<?xml version="1.0" encoding="UTF-8"?>
<!-- Generated by org.testng.reporters.JUnitReportReporter -->
<testsuite hostname="PSDLAP374" failures="0" tests="12" name="test.HumanResource.HREvalSettingTest" time="727.016" errors="1" timestamp="2024-12-27T11:42:56 IST" skipped="3">
  <testcase classname="test.HumanResource.HREvalSettingTest" name="beforeMethod" time="127.688">
    <error message="Expected condition failed: waiting for element to be clickable: By.cssSelector: #publishedCanvas &gt; div &gt; div.app-canvas &gt; div:nth-child(3) &gt; div &gt; div &gt; div:nth-child(3) &gt; div &gt; div &gt; div &gt; div &gt; div.virtualized-gallery &gt; div &gt; div &gt; div:nth-child(1) &gt; div.canvasContentDiv.container_1vt1y2p &gt; div &gt; div:nth-child(2) &gt; div &gt; div &gt; div &gt; div &gt; button &gt; div (tried for 20 second(s) with 500 milliseconds interval)
Build info: version: &#039;4.23.0&#039;, revision: &#039;4df0a231af&#039;
System info: os.name: &#039;Windows 11&#039;, os.arch: &#039;amd64&#039;, os.version: &#039;10.0&#039;, java.version: &#039;22.0.2&#039;
Driver info: org.openqa.selenium.edge.EdgeDriver
Capabilities {acceptInsecureCerts: false, browserName: MicrosoftEdge, browserVersion: 131.0.2903.112, fedcm:accounts: true, ms:edgeOptions: {debuggerAddress: localhost:59848}, msedge: {msedgedriverVersion: 131.0.2903.112 (16ab910a6e7..., userDataDir: C:\Users\RASHMI~1\AppData\L...}, networkConnectionEnabled: false, pageLoadStrategy: normal, platformName: windows, proxy: Proxy(), se:cdp: ws://localhost:59848/devtoo..., se:cdpVersion: 131.0.2903.112, setWindowRect: true, strictFileInteractability: false, timeouts: {implicit: 0, pageLoad: 300000, script: 30000}, unhandledPromptBehavior: dismiss and notify, webauthn:extension:credBlob: true, webauthn:extension:largeBlob: true, webauthn:extension:minPinLength: true, webauthn:extension:prf: true, webauthn:virtualAuthenticators: true}
Session ID: b63157866c4b4200c15807c9200e266b" type="org.openqa.selenium.TimeoutException">
      <![CDATA[org.openqa.selenium.TimeoutException: Expected condition failed: waiting for element to be clickable: By.cssSelector: #publishedCanvas > div > div.app-canvas > div:nth-child(3) > div > div > div:nth-child(3) > div > div > div > div > div.virtualized-gallery > div > div > div:nth-child(1) > div.canvasContentDiv.container_1vt1y2p > div > div:nth-child(2) > div > div > div > div > button > div (tried for 20 second(s) with 500 milliseconds interval)
Build info: version: '4.23.0', revision: '4df0a231af'
System info: os.name: 'Windows 11', os.arch: 'amd64', os.version: '10.0', java.version: '22.0.2'
Driver info: org.openqa.selenium.edge.EdgeDriver
Capabilities {acceptInsecureCerts: false, browserName: MicrosoftEdge, browserVersion: 131.0.2903.112, fedcm:accounts: true, ms:edgeOptions: {debuggerAddress: localhost:59848}, msedge: {msedgedriverVersion: 131.0.2903.112 (16ab910a6e7..., userDataDir: C:\Users\RASHMI~1\AppData\L...}, networkConnectionEnabled: false, pageLoadStrategy: normal, platformName: windows, proxy: Proxy(), se:cdp: ws://localhost:59848/devtoo..., se:cdpVersion: 131.0.2903.112, setWindowRect: true, strictFileInteractability: false, timeouts: {implicit: 0, pageLoad: 300000, script: 30000}, unhandledPromptBehavior: dismiss and notify, webauthn:extension:credBlob: true, webauthn:extension:largeBlob: true, webauthn:extension:minPinLength: true, webauthn:extension:prf: true, webauthn:virtualAuthenticators: true}
Session ID: b63157866c4b4200c15807c9200e266b
at org.openqa.selenium.support.ui.WebDriverWait.timeoutException(WebDriverWait.java:84)
at org.openqa.selenium.support.ui.FluentWait.until(FluentWait.java:228)
at helper.Interactions.clickElement(Interactions.java:70)
at helper.RoleSelection.HRRoleBtn(RoleSelection.java:64)
at helper.BaseTest.beforeMethod(BaseTest.java:59)
at java.base/jdk.internal.reflect.DirectMethodHandleAccessor.invoke(DirectMethodHandleAccessor.java:103)
at java.base/java.lang.reflect.Method.invoke(Method.java:580)
at org.testng.internal.invokers.MethodInvocationHelper.invokeMethod(MethodInvocationHelper.java:141)
at org.testng.internal.invokers.MethodInvocationHelper.invokeMethodConsideringTimeout(MethodInvocationHelper.java:71)
at org.testng.internal.invokers.ConfigInvoker.invokeConfigurationMethod(ConfigInvoker.java:400)
at org.testng.internal.invokers.ConfigInvoker.invokeConfigurations(ConfigInvoker.java:333)
at org.testng.internal.invokers.TestInvoker.runConfigMethods(TestInvoker.java:833)
at org.testng.internal.invokers.TestInvoker.invokeMethod(TestInvoker.java:600)
at org.testng.internal.invokers.TestInvoker.invokeTestMethod(TestInvoker.java:230)
at org.testng.internal.invokers.MethodRunner.runInSequence(MethodRunner.java:63)
at org.testng.internal.invokers.TestInvoker$MethodInvocationAgent.invoke(TestInvoker.java:992)
at org.testng.internal.invokers.TestInvoker.invokeTestMethods(TestInvoker.java:203)
at org.testng.internal.invokers.TestMethodWorker.invokeTestMethods(TestMethodWorker.java:154)
at org.testng.internal.invokers.TestMethodWorker.run(TestMethodWorker.java:134)
at java.base/java.util.ArrayList.forEach(ArrayList.java:1597)
at org.testng.TestRunner.privateRun(TestRunner.java:739)
at org.testng.TestRunner.run(TestRunner.java:614)
at org.testng.SuiteRunner.runTest(SuiteRunner.java:421)
at org.testng.SuiteRunner.runSequentially(SuiteRunner.java:413)
at org.testng.SuiteRunner.privateRun(SuiteRunner.java:373)
at org.testng.SuiteRunner.run(SuiteRunner.java:312)
at org.testng.SuiteRunnerWorker.runSuite(SuiteRunnerWorker.java:52)
at org.testng.SuiteRunnerWorker.run(SuiteRunnerWorker.java:95)
at org.testng.TestNG.runSuitesSequentially(TestNG.java:1274)
at org.testng.TestNG.runSuitesLocally(TestNG.java:1208)
at org.testng.TestNG.runSuites(TestNG.java:1112)
at org.testng.TestNG.run(TestNG.java:1079)
at org.testng.remote.AbstractRemoteTestNG.run(AbstractRemoteTestNG.java:115)
at org.testng.remote.RemoteTestNG.initAndRun(RemoteTestNG.java:293)
at org.testng.remote.RemoteTestNG.main(RemoteTestNG.java:91)
]]>
    </error>
  </testcase> <!-- beforeMethod -->
  <testcase classname="test.HumanResource.HREvalSettingTest" name="TC_165_Verification_of_navigation_to_the_evaluation_section_HR" time="57.191"/>
  <testcase classname="test.HumanResource.HREvalSettingTest" name="TC_166_Verification_of_navigation_to_the_evaluation_categories_section_HR" time="56.385"/>
  <testcase classname="test.HumanResource.HREvalSettingTest" name="TC_167_Verification_of_navigation_to_the_evaluation_eligibility_section_HR" time="47.813"/>
  <testcase classname="test.HumanResource.HREvalSettingTest" name="TC_168_Verification_of_refresh_opeartion_for_data_set_changes_in_evaluation_section_HR" time="51.665"/>
  <testcase classname="test.HumanResource.HREvalSettingTest" name="TC_169_Verification_of_filteration_of_employee_through_employee_dropdown_HR" time="62.196"/>
  <testcase classname="test.HumanResource.HREvalSettingTest" name="TC_170_Verification_of_refresh_operation_for_the_filter_of_employee_HR" time="55.141"/>
  <testcase classname="test.HumanResource.HREvalSettingTest" name="TC_171_Verification_of_filteration_of_quarters_by_Review_Period_dropdown_HR" time="261.476"/>
  <testcase classname="test.HumanResource.HREvalSettingTest" name="TC_186_Verification_of_active_section_of_categories_HR" time="7.461"/>
  <testcase classname="test.HumanResource.HREvalSettingTest" name="TC_187_Verification_of_archived_section_of_categories_HR" time="0.000">
    <skipped/>
  </testcase> <!-- TC_187_Verification_of_archived_section_of_categories_HR -->
  <testcase classname="test.HumanResource.HREvalSettingTest" name="TC_189_Searching_of_active_Category_HR" time="0.000">
    <skipped/>
  </testcase> <!-- TC_189_Searching_of_active_Category_HR -->
  <testcase classname="test.HumanResource.HREvalSettingTest" name="TC_190_Search_and_refresh_of_active_CategoryHR" time="0.000">
    <skipped/>
  </testcase> <!-- TC_190_Search_and_refresh_of_active_CategoryHR -->
</testsuite> <!-- test.HumanResource.HREvalSettingTest -->
