<?xml version="1.0" encoding="UTF-8"?>
<!-- Generated by org.testng.reporters.JUnitReportReporter -->
<testsuite hostname="PSDLAP374" failures="0" tests="3" name="test.HumanResource.TasksAllocationTest_HR" time="141.503" errors="0" timestamp="2024-12-24T15:35:07 IST" skipped="0">
  <testcase classname="test.HumanResource.TasksAllocationTest_HR" name="Remaining_hours_alert_icon_TC_295_HR" time="48.258"/>
  <testcase classname="test.HumanResource.TasksAllocationTest_HR" name="Search_Operation_TC_044_HR" time="45.623"/>
  <testcase classname="test.HumanResource.TasksAllocationTest_HR" name="Search_and_Reset_Operation_TC_045_HR" time="47.622"/>
</testsuite> <!-- test.HumanResource.TasksAllocationTest_HR -->
