<?xml version="1.0" encoding="UTF-8"?>
<!-- Generated by org.testng.reporters.JUnitReportReporter -->
<testsuite hostname="PSDLAP374" failures="0" tests="100" name="test.HumanResource.ExportTest_HR" time="8027.982" errors="0" timestamp="2025-01-30T15:46:31 IST" skipped="31">
  <testcase classname="test.HumanResource.ExportTest_HR" name="Datewise_Extract_Export_Submitted_Task_TC_099_HR" time="70.267"/>
  <testcase classname="test.HumanResource.ExportTest_HR" name="Datewise_Extract_Export_Submitted_Task_TC_099_HR" time="75.626">
    <skipped/>
  </testcase> <!-- Datewise_Extract_Export_Submitted_Task_TC_099_HR -->
  <testcase classname="test.HumanResource.ExportTest_HR" name="Datewise_Extract_Export_Submitted_Task_of_Reportee_TC_100_HR" time="87.878">
    <skipped/>
  </testcase> <!-- Datewise_Extract_Export_Submitted_Task_of_Reportee_TC_100_HR -->
  <testcase classname="test.HumanResource.ExportTest_HR" name="Datewise_Extract_Export_Submitted_Task_of_Reportee_TC_100_HR" time="91.207">
    <skipped/>
  </testcase> <!-- Datewise_Extract_Export_Submitted_Task_of_Reportee_TC_100_HR -->
  <testcase classname="test.HumanResource.ExportTest_HR" name="Datewise_Extract_Export_Submitted_Task_of_Reportee_TC_100_HR" time="69.678"/>
  <testcase classname="test.HumanResource.ExportTest_HR" name="Datewise_Extract_Export_Submitted_Task_in_Date_Range_TC_101_HR" time="83.673"/>
  <testcase classname="test.HumanResource.ExportTest_HR" name="Datewise_Extract_Export_Submitted_Task_in_Date_Range_and_Reportee_TC_102__HR" time="89.676">
    <skipped/>
  </testcase> <!-- Datewise_Extract_Export_Submitted_Task_in_Date_Range_and_Reportee_TC_102__HR -->
  <testcase classname="test.HumanResource.ExportTest_HR" name="Datewise_Extract_Export_Submitted_Task_in_Date_Range_and_Reportee_TC_102__HR" time="76.144"/>
  <testcase classname="test.HumanResource.ExportTest_HR" name="Yearly_Extract_Export_Rejected_Task_TC_103_HR" time="71.786"/>
  <testcase classname="test.HumanResource.ExportTest_HR" name="Yearly_Extract_Export_Rejected_Task_of_Reportee_TC_104_HR" time="73.387"/>
  <testcase classname="test.HumanResource.ExportTest_HR" name="Monthly_Extract_Export_Rejected_Task_of_particular_Month_TC_105_HR" time="90.776"/>
  <testcase classname="test.HumanResource.ExportTest_HR" name="Monthly_Extract_Export_Rejected_Task_of_particular_Month_of_Reportee_TC_106_HR" time="92.245"/>
  <testcase classname="test.HumanResource.ExportTest_HR" name="Weekly_Extract_Export_Rejected_Task_TC_107_HR" time="68.675"/>
  <testcase classname="test.HumanResource.ExportTest_HR" name="Weekly_Extract_Export_Rejected_Task_of_Reportee_TC_108_HR" time="70.475"/>
  <testcase classname="test.HumanResource.ExportTest_HR" name="Datewise_Extract_Export_Rejected_Task_of_particular_Date_TC_109_HR" time="73.440"/>
  <testcase classname="test.HumanResource.ExportTest_HR" name="Datewise_Extract_Export_Rejected_Task_of_particular_Date_of_Reportee_TC_110_HR" time="85.198"/>
  <testcase classname="test.HumanResource.ExportTest_HR" name="Datewise_Extract_Export_Rejected_Task_in_Date_Range_TC_111_HR" time="72.708"/>
  <testcase classname="test.HumanResource.ExportTest_HR" name="Datewise_Extract_Export_Rejected_Task_in_Date_Range_of_Reportee_TC_112_HR" time="80.056"/>
  <testcase classname="test.HumanResource.ExportTest_HR" name="Yearly_Extract_Export_Draft_Task_TC_113_HR" time="99.167"/>
  <testcase classname="test.HumanResource.ExportTest_HR" name="Yearly_Extract_Export_Draft_Task_of_Reportee_TC_114_HR" time="97.173"/>
  <testcase classname="test.HumanResource.ExportTest_HR" name="Monthly_Extract_Export_Draft_Task_of_particular_Month_TC_115_HR" time="73.520"/>
  <testcase classname="test.HumanResource.ExportTest_HR" name="Monthly_Extract_Export_Draft_Task_of_particular_Month_of_Reportee_TC_116_HR" time="71.528">
    <skipped/>
  </testcase> <!-- Monthly_Extract_Export_Draft_Task_of_particular_Month_of_Reportee_TC_116_HR -->
  <testcase classname="test.HumanResource.ExportTest_HR" name="Monthly_Extract_Export_Draft_Task_of_particular_Month_of_Reportee_TC_116_HR" time="71.277">
    <skipped/>
  </testcase> <!-- Monthly_Extract_Export_Draft_Task_of_particular_Month_of_Reportee_TC_116_HR -->
  <testcase classname="test.HumanResource.ExportTest_HR" name="Monthly_Extract_Export_Draft_Task_of_particular_Month_of_Reportee_TC_116_HR" time="66.414"/>
  <testcase classname="test.HumanResource.ExportTest_HR" name="Weekly_Extract_Export_Draft_Task_TC_117_HR" time="72.412"/>
  <testcase classname="test.HumanResource.ExportTest_HR" name="Weekly_Extract_Export_Draft_Task_TC_117_HR" time="73.628">
    <skipped/>
  </testcase> <!-- Weekly_Extract_Export_Draft_Task_TC_117_HR -->
  <testcase classname="test.HumanResource.ExportTest_HR" name="Weekly_Extract_Export_Draft_Task_of_Reportee_TC_118_HR" time="85.848"/>
  <testcase classname="test.HumanResource.ExportTest_HR" name="Weekly_Extract_Export_Draft_Task_of_Reportee_TC_118_HR" time="92.137">
    <skipped/>
  </testcase> <!-- Weekly_Extract_Export_Draft_Task_of_Reportee_TC_118_HR -->
  <testcase classname="test.HumanResource.ExportTest_HR" name="Datewise_Extract_Export_Draft_Task_of_particular_Date_TC_119_HR" time="71.688"/>
  <testcase classname="test.HumanResource.ExportTest_HR" name="Datewise_Extract_Export_Draft_Task_of_particular_Date_TC_119_HR" time="72.685">
    <skipped/>
  </testcase> <!-- Datewise_Extract_Export_Draft_Task_of_particular_Date_TC_119_HR -->
  <testcase classname="test.HumanResource.ExportTest_HR" name="Datewise_Extract_Export_Draft_Task_of_particular_Date_of_Reportee_TC_120_HR" time="79.462"/>
  <testcase classname="test.HumanResource.ExportTest_HR" name="Datewise_Extract_Export_Draft_Task_in_Date_Range_TC_121_HR" time="84.637"/>
  <testcase classname="test.HumanResource.ExportTest_HR" name="Datewise_Extract_Export_Draft_Task_in_Date_Range_of_Reportee_TC_122_HR" time="92.877"/>
  <testcase classname="test.HumanResource.ExportTest_HR" name="TC_148_Verification_of_Verification_of_last_refreshed_date_HR" time="58.245"/>
  <testcase classname="test.HumanResource.ExportTest_HR" name="TC_149_Verification_of_visibility_of_yearly_partially_approved_tasks_of_entire_team_HR" time="69.529"/>
  <testcase classname="test.HumanResource.ExportTest_HR" name="TC_150_Verification_of_visibility_of_yearly_partially_approved_tasks_of_a_particular_Reportee_HR" time="75.183"/>
  <testcase classname="test.HumanResource.ExportTest_HR" name="TC_151_vis_pat_particular_month_HR" time="85.162"/>
  <testcase classname="test.HumanResource.ExportTest_HR" name="TC_152_Verification_of_visibility_of_partially_approved_task_list_of_a_particular_month_of_a_particular_Reportee_HR" time="79.767"/>
  <testcase classname="test.HumanResource.ExportTest_HR" name="TC_153_vis_pat_weekly_exctract_HR" time="84.548"/>
  <testcase classname="test.HumanResource.ExportTest_HR" name="TC_154_Verification_of_visibility_of_exported__Weekly_partially_approved_tasks_of_a_particular_Reportee_HR" time="75.281"/>
  <testcase classname="test.HumanResource.ExportTest_HR" name="TC_155_visibility_of_yearly_partially_submitted_tasks_of_entire_team_HR" time="91.470"/>
  <testcase classname="test.HumanResource.ExportTest_HR" name="TC_156_Verification_of_visibility_of_yearly_partially_submitted_tasks_of_a_particular_Reportee_HR" time="83.238"/>
  <testcase classname="test.HumanResource.ExportTest_HR" name="TC_157_Verification_of_visibility_of_partially_submitted_task_list_of_a_particular_month_of_his_entire_team_HR" time="76.085"/>
  <testcase classname="test.HumanResource.ExportTest_HR" name="TC_157_Verification_of_visibility_of_partially_submitted_task_list_of_a_particular_month_of_his_entire_team_HR" time="69.422">
    <skipped/>
  </testcase> <!-- TC_157_Verification_of_visibility_of_partially_submitted_task_list_of_a_particular_month_of_his_entire_team_HR -->
  <testcase classname="test.HumanResource.ExportTest_HR" name="TC_158_Verification_of_visibility_of_partially_submitted_task_list_of_a_particular_month_of_a_particular_Reportee_HR" time="76.741"/>
  <testcase classname="test.HumanResource.ExportTest_HR" name="TC_159_Verification_of_visibility_of_exported_Weekly_partially_submitted_tasks_of_entire_team_HR" time="82.605">
    <skipped/>
  </testcase> <!-- TC_159_Verification_of_visibility_of_exported_Weekly_partially_submitted_tasks_of_entire_team_HR -->
  <testcase classname="test.HumanResource.ExportTest_HR" name="TC_159_Verification_of_visibility_of_exported_Weekly_partially_submitted_tasks_of_entire_team_HR" time="63.059">
    <skipped/>
  </testcase> <!-- TC_159_Verification_of_visibility_of_exported_Weekly_partially_submitted_tasks_of_entire_team_HR -->
  <testcase classname="test.HumanResource.ExportTest_HR" name="TC_159_Verification_of_visibility_of_exported_Weekly_partially_submitted_tasks_of_entire_team_HR" time="78.578"/>
  <testcase classname="test.HumanResource.ExportTest_HR" name="TC_357_verification_of_total_billable_non_billable_hours_in_export_screen_HR" time="67.583"/>
  <testcase classname="test.HumanResource.ExportTest_HR" name="TC_358_verification_of_total_billable_non_billable_hours_in_export_screen_for_particular_user_HR" time="72.510"/>
  <testcase classname="test.HumanResource.ExportTest_HR" name="TC_359_verification_of_total_billable_non_billable_hours_in_export_screen_for_particular_user_on_the_basis_of_yearly_extract_HR" time="76.255"/>
  <testcase classname="test.HumanResource.ExportTest_HR" name="TC_360_verification_of_total_billable_non_billable_hours_in_export_screen_for_particular_user_on_the_basis_of_monthly_extract_HR" time="88.831"/>
  <testcase classname="test.HumanResource.ExportTest_HR" name="TC_361_verification_of_total_billable_non_billable_hours_in_export_screen_for_particular_user_on_the_basis_of_weekly_extract_HR" time="71.996"/>
  <testcase classname="test.HumanResource.ExportTest_HR" name="TC_362_verification_of_total_billable_non_billable_hours_in_export_screen_for_particular_user_on_the_basis_of_datewise_extract_HR" time="112.671">
    <skipped/>
  </testcase> <!-- TC_362_verification_of_total_billable_non_billable_hours_in_export_screen_for_particular_user_on_the_basis_of_datewise_extract_HR -->
  <testcase classname="test.HumanResource.ExportTest_HR" name="TC_362_verification_of_total_billable_non_billable_hours_in_export_screen_for_particular_user_on_the_basis_of_datewise_extract_HR" time="91.028"/>
  <testcase classname="test.HumanResource.ExportTest_HR" name="TC_160_Verification_of_visibility_of_exported__Weekly_partially_submitted_tasks_of_a_particular_Reportee_HR" time="87.420">
    <skipped/>
  </testcase> <!-- TC_160_Verification_of_visibility_of_exported__Weekly_partially_submitted_tasks_of_a_particular_Reportee_HR -->
  <testcase classname="test.HumanResource.ExportTest_HR" name="TC_160_Verification_of_visibility_of_exported__Weekly_partially_submitted_tasks_of_a_particular_Reportee_HR" time="85.376">
    <skipped/>
  </testcase> <!-- TC_160_Verification_of_visibility_of_exported__Weekly_partially_submitted_tasks_of_a_particular_Reportee_HR -->
  <testcase classname="test.HumanResource.ExportTest_HR" name="TC_160_Verification_of_visibility_of_exported__Weekly_partially_submitted_tasks_of_a_particular_Reportee_HR" time="80.002">
    <skipped/>
  </testcase> <!-- TC_160_Verification_of_visibility_of_exported__Weekly_partially_submitted_tasks_of_a_particular_Reportee_HR -->
  <testcase classname="test.HumanResource.ExportTest_HR" name="TC_160_Verification_of_visibility_of_exported__Weekly_partially_submitted_tasks_of_a_particular_Reportee_HR" time="85.948">
    <skipped/>
  </testcase> <!-- TC_160_Verification_of_visibility_of_exported__Weekly_partially_submitted_tasks_of_a_particular_Reportee_HR -->
  <testcase classname="test.HumanResource.ExportTest_HR" name="TC_160_Verification_of_visibility_of_exported__Weekly_partially_submitted_tasks_of_a_particular_Reportee_HR" time="72.653"/>
  <testcase classname="test.HumanResource.ExportTest_HR" name="TC_073_HR_approve_list" time="65.817">
    <skipped/>
  </testcase> <!-- TC_073_HR_approve_list -->
  <testcase classname="test.HumanResource.ExportTest_HR" name="TC_073_HR_approve_list" time="88.414"/>
  <testcase classname="test.HumanResource.ExportTest_HR" name="TC_073_HR_approve_list" time="92.388">
    <skipped/>
  </testcase> <!-- TC_073_HR_approve_list -->
  <testcase classname="test.HumanResource.ExportTest_HR" name="TC_074_HR_export_year_task" time="62.174"/>
  <testcase classname="test.HumanResource.ExportTest_HR" name="TC_074_HR_export_year_task" time="110.674">
    <skipped/>
  </testcase> <!-- TC_074_HR_export_year_task -->
  <testcase classname="test.HumanResource.ExportTest_HR" name="TC_075_HR_approved_year_task" time="112.875"/>
  <testcase classname="test.HumanResource.ExportTest_HR" name="TC_076_HR_year_list_reportee" time="67.757"/>
  <testcase classname="test.HumanResource.ExportTest_HR" name="TC_077_HR_approve_month" time="86.366"/>
  <testcase classname="test.HumanResource.ExportTest_HR" name="TC_078_HR_approved_month_team" time="64.068"/>
  <testcase classname="test.HumanResource.ExportTest_HR" name="TC_079_HR_approve_month_reportee" time="79.631"/>
  <testcase classname="test.HumanResource.ExportTest_HR" name="TC_080_HR_list_month_reportee" time="71.385"/>
  <testcase classname="test.HumanResource.ExportTest_HR" name="TC_080_HR_list_month_reportee" time="95.712">
    <skipped/>
  </testcase> <!-- TC_080_HR_list_month_reportee -->
  <testcase classname="test.HumanResource.ExportTest_HR" name="TC_081_HR_week_team_approved" time="74.888"/>
  <testcase classname="test.HumanResource.ExportTest_HR" name="TC_082_HR_week_team" time="74.765"/>
  <testcase classname="test.HumanResource.ExportTest_HR" name="TC_083_HR_approved_week_team" time="77.331"/>
  <testcase classname="test.HumanResource.ExportTest_HR" name="TC_084_HR_week_reportee_task" time="76.982"/>
  <testcase classname="test.HumanResource.ExportTest_HR" name="TC_085_HR_date_approved_task" time="72.955">
    <skipped/>
  </testcase> <!-- TC_085_HR_date_approved_task -->
  <testcase classname="test.HumanResource.ExportTest_HR" name="TC_085_HR_date_approved_task" time="78.618"/>
  <testcase classname="test.HumanResource.ExportTest_HR" name="TC_086_HR_date_task" time="84.439"/>
  <testcase classname="test.HumanResource.ExportTest_HR" name="TC_087_HR_date_reportee" time="100.065"/>
  <testcase classname="test.HumanResource.ExportTest_HR" name="TC_088_HR_date_reportee_task" time="92.938">
    <skipped/>
  </testcase> <!-- TC_088_HR_date_reportee_task -->
  <testcase classname="test.HumanResource.ExportTest_HR" name="TC_088_HR_date_reportee_task" time="74.505">
    <skipped/>
  </testcase> <!-- TC_088_HR_date_reportee_task -->
  <testcase classname="test.HumanResource.ExportTest_HR" name="TC_088_HR_date_reportee_task" time="68.718"/>
  <testcase classname="test.HumanResource.ExportTest_HR" name="TC_089_HR_date_select_range_team" time="76.243"/>
  <testcase classname="test.HumanResource.ExportTest_HR" name="TC_090_HR_task_date_range" time="78.973"/>
  <testcase classname="test.HumanResource.ExportTest_HR" name="TC_091_HR_date_range_reportee" time="84.619"/>
  <testcase classname="test.HumanResource.ExportTest_HR" name="TC_092_HR_date_reportee" time="77.968">
    <skipped/>
  </testcase> <!-- TC_092_HR_date_reportee -->
  <testcase classname="test.HumanResource.ExportTest_HR" name="TC_092_HR_date_reportee" time="94.261">
    <skipped/>
  </testcase> <!-- TC_092_HR_date_reportee -->
  <testcase classname="test.HumanResource.ExportTest_HR" name="TC_092_HR_date_reportee" time="71.649"/>
  <testcase classname="test.HumanResource.ExportTest_HR" name="TC_093_HR_submitted_team" time="77.369"/>
  <testcase classname="test.HumanResource.ExportTest_HR" name="TC_094_HR_year_task_reportee" time="77.696"/>
  <testcase classname="test.HumanResource.ExportTest_HR" name="TC_095_HR_month_task_team" time="81.728"/>
  <testcase classname="test.HumanResource.ExportTest_HR" name="TC_096_HR_submitted_month_task" time="81.610"/>
  <testcase classname="test.HumanResource.ExportTest_HR" name="TC_096_HR_submitted_month_task" time="64.070">
    <skipped/>
  </testcase> <!-- TC_096_HR_submitted_month_task -->
  <testcase classname="test.HumanResource.ExportTest_HR" name="TC_097_HR_submitted_task_team" time="99.624">
    <skipped/>
  </testcase> <!-- TC_097_HR_submitted_task_team -->
  <testcase classname="test.HumanResource.ExportTest_HR" name="TC_097_HR_submitted_task_team" time="71.723"/>
  <testcase classname="test.HumanResource.ExportTest_HR" name="TC_097_HR_submitted_task_team" time="89.489">
    <skipped/>
  </testcase> <!-- TC_097_HR_submitted_task_team -->
  <testcase classname="test.HumanResource.ExportTest_HR" name="TC_097_HR_submitted_task_team" time="89.995">
    <skipped/>
  </testcase> <!-- TC_097_HR_submitted_task_team -->
  <testcase classname="test.HumanResource.ExportTest_HR" name="TC_097_HR_submitted_task_team" time="71.728">
    <skipped/>
  </testcase> <!-- TC_097_HR_submitted_task_team -->
  <testcase classname="test.HumanResource.ExportTest_HR" name="TC_098_HR_week_task_reportee" time="97.238"/>
</testsuite> <!-- test.HumanResource.ExportTest_HR -->
