<?xml version="1.0" encoding="UTF-8"?>
<!-- Generated by org.testng.reporters.JUnitReportReporter -->
<testsuite hostname="PSDLAP374" failures="0" tests="13" name="test.PLDashboardTest" time="669.917" errors="0" timestamp="2024-12-06T13:02:07 IST" skipped="0">
  <testcase classname="test.PLDashboardTest" name="Navigate_to_dashboard" time="47.688"/>
  <testcase classname="test.PLDashboardTest" name="TC_002_Click_reportee" time="54.159"/>
  <testcase classname="test.PLDashboardTest" name="TC_004_toogle_switchon" time="49.679"/>
  <testcase classname="test.PLDashboardTest" name="TC_004_toogle_switchoff" time="48.330"/>
  <testcase classname="test.PLDashboardTest" name="TC_005_Verification_of_list_of_associated_clients" time="53.922"/>
  <testcase classname="test.PLDashboardTest" name="TC_006_Verification_of_list_of_claimed_tasks_by_direct_reportees" time="49.429"/>
  <testcase classname="test.PLDashboardTest" name="TC_007_Verification_of_claimed_task_hours_change_with_Financial_year_dropdown" time="46.836"/>
  <testcase classname="test.PLDashboardTest" name="TC_009_navigation_to_submitted_timesheet_for_approval_or_rejection" time="48.921"/>
  <testcase classname="test.PLDashboardTest" name="TC_010_reportee_dropdown" time="62.650"/>
  <testcase classname="test.PLDashboardTest" name="TC_011_Verification_of_filter_reset_operation" time="56.841"/>
  <testcase classname="test.PLDashboardTest" name="TC_162_Verification_of_count" time="56.381"/>
  <testcase classname="test.PLDashboardTest" name="TC_249_Verification_of_visibility_of_consumed_hours" time="46.267"/>
  <testcase classname="test.PLDashboardTest" name="TC_250_Verification_of_visibility_of_submitted_or_partially_submitted_timesheet" time="48.814"/>
</testsuite> <!-- test.PLDashboardTest -->
