<?xml version="1.0" encoding="UTF-8"?>
<!-- Generated by org.testng.reporters.JUnitReportReporter -->
<testsuite hostname="PSDLAP374" failures="0" tests="3" name="test.HumanResource.ProjectTabTest_HR" time="140.402" errors="0" timestamp="2024-12-24T15:35:07 IST" skipped="0">
  <testcase classname="test.HumanResource.ProjectTabTest_HR" name="initiaTest" time="53.718"/>
  <testcase classname="test.HumanResource.ProjectTabTest_HR" name="TC_032_SearchProject_HR" time="43.647"/>
  <testcase classname="test.HumanResource.ProjectTabTest_HR" name="TC_033_RefreshProject_HR" time="43.037"/>
</testsuite> <!-- test.HumanResource.ProjectTabTest_HR -->
