<?xml version="1.0" encoding="UTF-8"?>
<!-- Generated by org.testng.reporters.JUnitReportReporter -->
<testsuite hostname="PSDLAP374" failures="0" tests="1" name="test.Viewer.ViewerDashboardTest" time="66.272" errors="0" timestamp="2025-01-02T14:40:19 IST" skipped="0">
  <testcase classname="test.Viewer.ViewerDashboardTest" name="TC_250_Verification_of_visibility_of_submitted_or_partially_submitted_timesheet_to_lead_from_the_date_lead_is_selected" time="66.272"/>
</testsuite> <!-- test.Viewer.ViewerDashboardTest -->
