<?xml version="1.0" encoding="UTF-8"?>
<!-- Generated by org.testng.reporters.JUnitReportReporter -->
<testsuite hostname="PSDLAP374" failures="0" tests="84" name="test.PracticeLead.ExportTest_PL" time="5882.181" errors="0" timestamp="2025-01-22T00:47:13 IST" skipped="15">
  <testcase classname="test.PracticeLead.ExportTest_PL" name="Datewise_Extract_Export_Submitted_Task_TC_099_PL" time="72.078"/>
  <testcase classname="test.PracticeLead.ExportTest_PL" name="Datewise_Extract_Export_Submitted_Task_of_Reportee_TC_100_PL" time="74.261"/>
  <testcase classname="test.PracticeLead.ExportTest_PL" name="Datewise_Extract_Export_Submitted_Task_in_Date_Range_TC_101_PL" time="75.871">
    <skipped/>
  </testcase> <!-- Datewise_Extract_Export_Submitted_Task_in_Date_Range_TC_101_PL -->
  <testcase classname="test.PracticeLead.ExportTest_PL" name="Datewise_Extract_Export_Submitted_Task_in_Date_Range_TC_101_PL" time="82.071"/>
  <testcase classname="test.PracticeLead.ExportTest_PL" name="Datewise_Extract_Export_Submitted_Task_in_Date_Range_and_Reportee_TC_102__PL" time="77.248"/>
  <testcase classname="test.PracticeLead.ExportTest_PL" name="Yearly_Extract_Export_Rejected_Task_TC_103_PL" time="86.434"/>
  <testcase classname="test.PracticeLead.ExportTest_PL" name="Yearly_Extract_Export_Rejected_Task_of_Reportee_TC_104_PL" time="61.810"/>
  <testcase classname="test.PracticeLead.ExportTest_PL" name="Monthly_Extract_Export_Rejected_Task_of_particular_Month_TC_105_PL" time="66.112">
    <skipped/>
  </testcase> <!-- Monthly_Extract_Export_Rejected_Task_of_particular_Month_TC_105_PL -->
  <testcase classname="test.PracticeLead.ExportTest_PL" name="Monthly_Extract_Export_Rejected_Task_of_particular_Month_TC_105_PL" time="59.107">
    <skipped/>
  </testcase> <!-- Monthly_Extract_Export_Rejected_Task_of_particular_Month_TC_105_PL -->
  <testcase classname="test.PracticeLead.ExportTest_PL" name="Monthly_Extract_Export_Rejected_Task_of_particular_Month_TC_105_PL" time="66.077"/>
  <testcase classname="test.PracticeLead.ExportTest_PL" name="Monthly_Extract_Export_Rejected_Task_of_particular_Month_of_Reportee_TC_106_PL" time="64.707">
    <skipped/>
  </testcase> <!-- Monthly_Extract_Export_Rejected_Task_of_particular_Month_of_Reportee_TC_106_PL -->
  <testcase classname="test.PracticeLead.ExportTest_PL" name="Monthly_Extract_Export_Rejected_Task_of_particular_Month_of_Reportee_TC_106_PL" time="62.806"/>
  <testcase classname="test.PracticeLead.ExportTest_PL" name="Weekly_Extract_Export_Rejected_Task_TC_107_PL" time="59.379"/>
  <testcase classname="test.PracticeLead.ExportTest_PL" name="Weekly_Extract_Export_Rejected_Task_of_Reportee_TC_108_PL" time="65.899"/>
  <testcase classname="test.PracticeLead.ExportTest_PL" name="Datewise_Extract_Export_Rejected_Task_of_particular_Date_TC_109_PL" time="65.442"/>
  <testcase classname="test.PracticeLead.ExportTest_PL" name="Datewise_Extract_Export_Rejected_Task_of_particular_Date_of_Reportee_TC_110_PL" time="69.950"/>
  <testcase classname="test.PracticeLead.ExportTest_PL" name="Datewise_Extract_Export_Rejected_Task_in_Date_Range_TC_111_PL" time="67.012"/>
  <testcase classname="test.PracticeLead.ExportTest_PL" name="Datewise_Extract_Export_Rejected_Task_in_Date_Range_of_Reportee_TC_112_PL" time="66.773"/>
  <testcase classname="test.PracticeLead.ExportTest_PL" name="Yearly_Extract_Export_Draft_Task_TC_113_PL" time="64.334"/>
  <testcase classname="test.PracticeLead.ExportTest_PL" name="Yearly_Extract_Export_Draft_Task_of_Reportee_TC_114_PL" time="64.653"/>
  <testcase classname="test.PracticeLead.ExportTest_PL" name="Monthly_Extract_Export_Draft_Task_of_particular_Month_TC_115_PL" time="64.551"/>
  <testcase classname="test.PracticeLead.ExportTest_PL" name="Monthly_Extract_Export_Draft_Task_of_particular_Month_of_Reportee_TC_116_PL" time="70.502"/>
  <testcase classname="test.PracticeLead.ExportTest_PL" name="Weekly_Extract_Export_Draft_Task_TC_117_PL" time="67.237"/>
  <testcase classname="test.PracticeLead.ExportTest_PL" name="Weekly_Extract_Export_Draft_Task_of_Reportee_TC_118_PL" time="71.067"/>
  <testcase classname="test.PracticeLead.ExportTest_PL" name="Datewise_Extract_Export_Draft_Task_of_particular_Date_TC_119_PL" time="76.840"/>
  <testcase classname="test.PracticeLead.ExportTest_PL" name="Datewise_Extract_Export_Draft_Task_of_particular_Date_of_Reportee_TC_120_PL" time="71.413"/>
  <testcase classname="test.PracticeLead.ExportTest_PL" name="Datewise_Extract_Export_Draft_Task_in_Date_Range_TC_121_PL" time="78.520"/>
  <testcase classname="test.PracticeLead.ExportTest_PL" name="Datewise_Extract_Export_Draft_Task_in_Date_Range_of_Reportee_TC_122_PL" time="69.637"/>
  <testcase classname="test.PracticeLead.ExportTest_PL" name="TC_148_Verification_of_Verification_of_last_refreshed_date_PL" time="72.033"/>
  <testcase classname="test.PracticeLead.ExportTest_PL" name="TC_149_Verification_of_visibility_of_yearly_partially_approved_tasks_of_entire_team_PL" time="87.083"/>
  <testcase classname="test.PracticeLead.ExportTest_PL" name="TC_150_Verification_of_visibility_of_yearly_partially_approved_tasks_of_a_particular_Reportee_PL" time="66.192"/>
  <testcase classname="test.PracticeLead.ExportTest_PL" name="TC_151_vis_pat_particular_month_PL" time="88.996"/>
  <testcase classname="test.PracticeLead.ExportTest_PL" name="TC_151_vis_pat_particular_month_PL" time="61.669">
    <skipped/>
  </testcase> <!-- TC_151_vis_pat_particular_month_PL -->
  <testcase classname="test.PracticeLead.ExportTest_PL" name="TC_151_vis_pat_particular_month_PL" time="63.307">
    <skipped/>
  </testcase> <!-- TC_151_vis_pat_particular_month_PL -->
  <testcase classname="test.PracticeLead.ExportTest_PL" name="TC_152_Verification_of_visibility_of_partially_approved_task_list_of_a_particular_month_of_a_particular_Reportee_PL" time="73.808"/>
  <testcase classname="test.PracticeLead.ExportTest_PL" name="TC_153_vis_pat_weekly_exctract_PL" time="69.014"/>
  <testcase classname="test.PracticeLead.ExportTest_PL" name="TC_154_Verification_of_visibility_of_exported__Weekly_partially_approved_tasks_of_a_particular_Reportee_PL" time="79.128">
    <skipped/>
  </testcase> <!-- TC_154_Verification_of_visibility_of_exported__Weekly_partially_approved_tasks_of_a_particular_Reportee_PL -->
  <testcase classname="test.PracticeLead.ExportTest_PL" name="TC_154_Verification_of_visibility_of_exported__Weekly_partially_approved_tasks_of_a_particular_Reportee_PL" time="73.078"/>
  <testcase classname="test.PracticeLead.ExportTest_PL" name="TC_155_visibility_of_yearly_partially_submitted_tasks_of_entire_team_PL" time="66.963"/>
  <testcase classname="test.PracticeLead.ExportTest_PL" name="TC_156_Verification_of_visibility_of_yearly_partially_submitted_tasks_of_a_particular_Reportee_PL" time="70.895"/>
  <testcase classname="test.PracticeLead.ExportTest_PL" name="TC_157_Verification_of_visibility_of_partially_submitted_task_list_of_a_particular_month_of_his_entire_team_PL" time="71.644"/>
  <testcase classname="test.PracticeLead.ExportTest_PL" name="TC_158_Verification_of_visibility_of_partially_submitted_task_list_of_a_particular_month_of_a_particular_Reportee_PL" time="71.444"/>
  <testcase classname="test.PracticeLead.ExportTest_PL" name="TC_158_Verification_of_visibility_of_partially_submitted_task_list_of_a_particular_month_of_a_particular_Reportee_PL" time="62.015">
    <skipped/>
  </testcase> <!-- TC_158_Verification_of_visibility_of_partially_submitted_task_list_of_a_particular_month_of_a_particular_Reportee_PL -->
  <testcase classname="test.PracticeLead.ExportTest_PL" name="TC_159_Verification_of_visibility_of_exported_Weekly_partially_submitted_tasks_of_entire_team_PL" time="62.126">
    <skipped/>
  </testcase> <!-- TC_159_Verification_of_visibility_of_exported_Weekly_partially_submitted_tasks_of_entire_team_PL -->
  <testcase classname="test.PracticeLead.ExportTest_PL" name="TC_159_Verification_of_visibility_of_exported_Weekly_partially_submitted_tasks_of_entire_team_PL" time="70.067"/>
  <testcase classname="test.PracticeLead.ExportTest_PL" name="TC_357_verification_of_total_billable_non_billable_hours_in_export_screen_PL" time="75.610"/>
  <testcase classname="test.PracticeLead.ExportTest_PL" name="TC_358_verification_of_total_billable_non_billable_hours_in_export_screen_for_particular_user_PL" time="79.555"/>
  <testcase classname="test.PracticeLead.ExportTest_PL" name="TC_359_verification_of_total_billable_non_billable_hours_in_export_screen_for_particular_user_on_the_basis_of_yearly_extract_PL" time="64.265"/>
  <testcase classname="test.PracticeLead.ExportTest_PL" name="TC_360_verification_of_total_billable_non_billable_hours_in_export_screen_for_particular_user_on_the_basis_of_monthly_extract_PL" time="78.271"/>
  <testcase classname="test.PracticeLead.ExportTest_PL" name="TC_360_verification_of_total_billable_non_billable_hours_in_export_screen_for_particular_user_on_the_basis_of_monthly_extract_PL" time="62.447">
    <skipped/>
  </testcase> <!-- TC_360_verification_of_total_billable_non_billable_hours_in_export_screen_for_particular_user_on_the_basis_of_monthly_extract_PL -->
  <testcase classname="test.PracticeLead.ExportTest_PL" name="TC_361_verification_of_total_billable_non_billable_hours_in_export_screen_for_particular_user_on_the_basis_of_weekly_extract_PL" time="69.803"/>
  <testcase classname="test.PracticeLead.ExportTest_PL" name="TC_362_verification_of_total_billable_non_billable_hours_in_export_screen_for_particular_user_on_the_basis_of_datewise_extract_PL" time="77.547"/>
  <testcase classname="test.PracticeLead.ExportTest_PL" name="TC_160_Verification_of_visibility_of_exported__Weekly_partially_submitted_tasks_of_a_particular_Reportee_PL" time="70.237"/>
  <testcase classname="test.PracticeLead.ExportTest_PL" name="TC_073_PL_approve_list" time="74.445"/>
  <testcase classname="test.PracticeLead.ExportTest_PL" name="TC_074_PL_export_year_task" time="65.857"/>
  <testcase classname="test.PracticeLead.ExportTest_PL" name="TC_075_PL_approved_year_task" time="61.099">
    <skipped/>
  </testcase> <!-- TC_075_PL_approved_year_task -->
  <testcase classname="test.PracticeLead.ExportTest_PL" name="TC_075_PL_approved_year_task" time="69.604"/>
  <testcase classname="test.PracticeLead.ExportTest_PL" name="TC_076_PL_year_list_reportee" time="61.673"/>
  <testcase classname="test.PracticeLead.ExportTest_PL" name="TC_077_PL_approve_month" time="77.760">
    <skipped/>
  </testcase> <!-- TC_077_PL_approve_month -->
  <testcase classname="test.PracticeLead.ExportTest_PL" name="TC_077_PL_approve_month" time="79.754"/>
  <testcase classname="test.PracticeLead.ExportTest_PL" name="TC_078_PL_approved_month_team" time="61.290"/>
  <testcase classname="test.PracticeLead.ExportTest_PL" name="TC_079_PL_approve_month_reportee" time="72.600"/>
  <testcase classname="test.PracticeLead.ExportTest_PL" name="TC_080_PL_list_month_reportee" time="64.108"/>
  <testcase classname="test.PracticeLead.ExportTest_PL" name="TC_081_PL_week_team_approved" time="71.944"/>
  <testcase classname="test.PracticeLead.ExportTest_PL" name="TC_081_PL_week_team_approved" time="74.052">
    <skipped/>
  </testcase> <!-- TC_081_PL_week_team_approved -->
  <testcase classname="test.PracticeLead.ExportTest_PL" name="TC_081_PL_week_team_approved" time="76.283">
    <skipped/>
  </testcase> <!-- TC_081_PL_week_team_approved -->
  <testcase classname="test.PracticeLead.ExportTest_PL" name="TC_082_PL_week_team" time="63.910"/>
  <testcase classname="test.PracticeLead.ExportTest_PL" name="TC_083_PL_approved_week_team" time="69.892"/>
  <testcase classname="test.PracticeLead.ExportTest_PL" name="TC_084_PL_week_reportee_task" time="66.785"/>
  <testcase classname="test.PracticeLead.ExportTest_PL" name="TC_085_PL_date_approved_task" time="68.408"/>
  <testcase classname="test.PracticeLead.ExportTest_PL" name="TC_086_PL_date_task" time="60.641"/>
  <testcase classname="test.PracticeLead.ExportTest_PL" name="TC_087_PL_date_reportee" time="72.036"/>
  <testcase classname="test.PracticeLead.ExportTest_PL" name="TC_088_PL_date_reportee_task" time="64.926"/>
  <testcase classname="test.PracticeLead.ExportTest_PL" name="TC_089_PL_date_select_range_team" time="70.196"/>
  <testcase classname="test.PracticeLead.ExportTest_PL" name="TC_090_PL_task_date_range" time="73.141"/>
  <testcase classname="test.PracticeLead.ExportTest_PL" name="TC_091_PL_date_range_reportee" time="76.243"/>
  <testcase classname="test.PracticeLead.ExportTest_PL" name="TC_092_PL_date_reportee" time="62.943"/>
  <testcase classname="test.PracticeLead.ExportTest_PL" name="TC_093_PL_submitted_team" time="76.856"/>
  <testcase classname="test.PracticeLead.ExportTest_PL" name="TC_094_PL_year_task_reportee" time="68.049"/>
  <testcase classname="test.PracticeLead.ExportTest_PL" name="TC_095_PL_month_task_team" time="67.062"/>
  <testcase classname="test.PracticeLead.ExportTest_PL" name="TC_096_PL_submitted_month_task" time="72.931"/>
  <testcase classname="test.PracticeLead.ExportTest_PL" name="TC_097_PL_submitted_task_team" time="68.786"/>
  <testcase classname="test.PracticeLead.ExportTest_PL" name="TC_097_PL_submitted_task_team" time="69.874">
    <skipped/>
  </testcase> <!-- TC_097_PL_submitted_task_team -->
  <testcase classname="test.PracticeLead.ExportTest_PL" name="TC_098_PL_week_task_reportee" time="70.045"/>
</testsuite> <!-- test.PracticeLead.ExportTest_PL -->
