<?xml version="1.0" encoding="UTF-8"?>
<!-- Generated by org.testng.reporters.JUnitReportReporter -->
<testsuite hostname="PSDLAP374" failures="0" tests="7" name="test.HumanResource.ApprovalsTabTest_HR" time="905.205" errors="0" timestamp="2025-01-27T17:19:26 IST" skipped="0">
  <testcase classname="test.HumanResource.ApprovalsTabTest_HR" name="TC_066_searchtimesheetbyDate_HR" time="80.579"/>
  <testcase classname="test.HumanResource.ApprovalsTabTest_HR" name="TC_067_searchtimesheetbyStatus_HR" time="70.561"/>
  <testcase classname="test.HumanResource.ApprovalsTabTest_HR" name="TC_068_searchtimesheetbyReportee_HR" time="268.563"/>
  <testcase classname="test.HumanResource.ApprovalsTabTest_HR" name="TC_069_refresh_HR" time="150.895"/>
  <testcase classname="test.HumanResource.ApprovalsTabTest_HR" name="TC_070_approveTimesheet_HR" time="165.935"/>
  <testcase classname="test.HumanResource.ApprovalsTabTest_HR" name="TC_146_dataVisibility_HR" time="108.148"/>
  <testcase classname="test.HumanResource.ApprovalsTabTest_HR" name="TC_147_fyFilter_HR" time="60.524"/>
</testsuite> <!-- test.HumanResource.ApprovalsTabTest_HR -->
