<?xml version="1.0" encoding="UTF-8"?>
<!-- Generated by org.testng.reporters.JUnitReportReporter -->
<testsuite hostname="PSDLAP374" failures="0" tests="4" name="test.HumanResource.ClientTabTest_HR" time="296.434" errors="0" timestamp="2024-12-24T15:35:07 IST" skipped="0">
  <testcase classname="test.HumanResource.ClientTabTest_HR" name="TC_026_searchClientByName_HrRole" time="48.140"/>
  <testcase classname="test.HumanResource.ClientTabTest_HR" name="TC_027_refreshButton_HrRole" time="55.004"/>
  <testcase classname="test.HumanResource.ClientTabTest_HR" name="viewClientDetails_HrRole" time="54.847"/>
  <testcase classname="test.HumanResource.ClientTabTest_HR" name="viewProjectDetails_HrRole" time="138.443"/>
</testsuite> <!-- test.HumanResource.ClientTabTest_HR -->
