<?xml version="1.0" encoding="UTF-8"?>
<!-- Generated by org.testng.reporters.JUnitReportReporter -->
<testsuite hostname="PSDLAP374" failures="0" tests="3" name="test.HumanResource.TasksAllocationTest_HR" time="236.897" errors="0" timestamp="2025-01-27T17:19:25 IST" skipped="0">
  <testcase classname="test.HumanResource.TasksAllocationTest_HR" name="Remaining_hours_alert_icon_TC_295_HR" time="90.344"/>
  <testcase classname="test.HumanResource.TasksAllocationTest_HR" name="Search_Operation_TC_044_HR" time="71.895"/>
  <testcase classname="test.HumanResource.TasksAllocationTest_HR" name="Search_and_Reset_Operation_TC_045_HR" time="74.658"/>
</testsuite> <!-- test.HumanResource.TasksAllocationTest_HR -->
