<?xml version="1.0" encoding="UTF-8"?>
<!-- Generated by org.testng.reporters.JUnitReportReporter -->
<testsuite hostname="PSDLAP374" failures="0" tests="1" name="test.Viewer.ExportTest_Viewer" time="72.416" errors="0" timestamp="2025-01-10T15:11:21 IST" skipped="0">
  <testcase classname="test.Viewer.ExportTest_Viewer" name="TC_151_Verification_of_visibility_of_partially_approved_task_list_of_a_particular_month_of_his_entire_team" time="72.416"/>
</testsuite> <!-- test.Viewer.ExportTest_Viewer -->
