<?xml version="1.0" encoding="UTF-8"?>
<!-- Generated by org.testng.reporters.JUnitReportReporter -->
<testsuite hostname="PSDLAP374" failures="0" tests="17" name="test.PLExportTest" time="29.140" errors="1" timestamp="2024-12-10T12:02:10 IST" skipped="16">
  <testcase classname="test.PLExportTest" name="beforeMethod" time="29.139">
    <error message="invalid selector
from javascript error: {&quot;status&quot;:32,&quot;value&quot;:&quot;An invalid or illegal selector was specified&quot;}
  (Session info: MicrosoftEdge=131.0.2903.86)
For documentation on this error, please visit: https://www.selenium.dev/documentation/webdriver/troubleshooting/errors#invalid-selector-exception
Build info: version: &#039;4.23.0&#039;, revision: &#039;4df0a231af&#039;
System info: os.name: &#039;Windows 11&#039;, os.arch: &#039;amd64&#039;, os.version: &#039;10.0&#039;, java.version: &#039;22.0.2&#039;
Driver info: org.openqa.selenium.edge.EdgeDriver
Command: [9e57161ac6726fabf78875e02562abcf, findElement {using=css selector, value=//*[@id=&quot;publishedCanvas&quot;]/div/div[1]/div[3]/div/div/div[3]/div/div/div/div/div[2]/div/div/div[2]/div[2]/div/div[2]/div/div/div/div/button}]
Capabilities {acceptInsecureCerts: false, browserName: MicrosoftEdge, browserVersion: 131.0.2903.86, fedcm:accounts: true, ms:edgeOptions: {debuggerAddress: localhost:58302}, msedge: {msedgedriverVersion: 131.0.2903.86 (cf5bf303997c..., userDataDir: C:\Users\RASHMI~1\AppData\L...}, networkConnectionEnabled: false, pageLoadStrategy: normal, platformName: windows, proxy: Proxy(), se:cdp: ws://localhost:58302/devtoo..., se:cdpVersion: 131.0.2903.86, setWindowRect: true, strictFileInteractability: false, timeouts: {implicit: 0, pageLoad: 300000, script: 30000}, unhandledPromptBehavior: dismiss and notify, webauthn:extension:credBlob: true, webauthn:extension:largeBlob: true, webauthn:extension:minPinLength: true, webauthn:extension:prf: true, webauthn:virtualAuthenticators: true}
Session ID: 9e57161ac6726fabf78875e02562abcf" type="org.openqa.selenium.InvalidSelectorException">
      <![CDATA[org.openqa.selenium.InvalidSelectorException: invalid selector
from javascript error: {"status":32,"value":"An invalid or illegal selector was specified"}
  (Session info: MicrosoftEdge=131.0.2903.86)
For documentation on this error, please visit: https://www.selenium.dev/documentation/webdriver/troubleshooting/errors#invalid-selector-exception
Build info: version: '4.23.0', revision: '4df0a231af'
System info: os.name: 'Windows 11', os.arch: 'amd64', os.version: '10.0', java.version: '22.0.2'
Driver info: org.openqa.selenium.edge.EdgeDriver
Command: [9e57161ac6726fabf78875e02562abcf, findElement {using=css selector, value=//*[@id="publishedCanvas"]/div/div[1]/div[3]/div/div/div[3]/div/div/div/div/div[2]/div/div/div[2]/div[2]/div/div[2]/div/div/div/div/button}]
Capabilities {acceptInsecureCerts: false, browserName: MicrosoftEdge, browserVersion: 131.0.2903.86, fedcm:accounts: true, ms:edgeOptions: {debuggerAddress: localhost:58302}, msedge: {msedgedriverVersion: 131.0.2903.86 (cf5bf303997c..., userDataDir: C:\Users\RASHMI~1\AppData\L...}, networkConnectionEnabled: false, pageLoadStrategy: normal, platformName: windows, proxy: Proxy(), se:cdp: ws://localhost:58302/devtoo..., se:cdpVersion: 131.0.2903.86, setWindowRect: true, strictFileInteractability: false, timeouts: {implicit: 0, pageLoad: 300000, script: 30000}, unhandledPromptBehavior: dismiss and notify, webauthn:extension:credBlob: true, webauthn:extension:largeBlob: true, webauthn:extension:minPinLength: true, webauthn:extension:prf: true, webauthn:virtualAuthenticators: true}
Session ID: 9e57161ac6726fabf78875e02562abcf
at java.base/jdk.internal.reflect.DirectConstructorHandleAccessor.newInstance(DirectConstructorHandleAccessor.java:62)
at java.base/java.lang.reflect.Constructor.newInstanceWithCaller(Constructor.java:502)
at java.base/java.lang.reflect.Constructor.newInstance(Constructor.java:486)
at org.openqa.selenium.remote.ErrorCodec.decode(ErrorCodec.java:167)
at org.openqa.selenium.remote.codec.w3c.W3CHttpResponseCodec.decode(W3CHttpResponseCodec.java:138)
at org.openqa.selenium.remote.codec.w3c.W3CHttpResponseCodec.decode(W3CHttpResponseCodec.java:50)
at org.openqa.selenium.remote.HttpCommandExecutor.execute(HttpCommandExecutor.java:190)
at org.openqa.selenium.remote.service.DriverCommandExecutor.invokeExecute(DriverCommandExecutor.java:216)
at org.openqa.selenium.remote.service.DriverCommandExecutor.execute(DriverCommandExecutor.java:174)
at org.openqa.selenium.remote.RemoteWebDriver.execute(RemoteWebDriver.java:527)
at org.openqa.selenium.remote.ElementLocation$ElementFinder$2.findElement(ElementLocation.java:165)
at org.openqa.selenium.remote.ElementLocation.findElement(ElementLocation.java:59)
at org.openqa.selenium.remote.RemoteWebDriver.findElement(RemoteWebDriver.java:357)
at org.openqa.selenium.remote.RemoteWebDriver.findElement(RemoteWebDriver.java:351)
at org.openqa.selenium.support.ui.ExpectedConditions$6.apply(ExpectedConditions.java:171)
at org.openqa.selenium.support.ui.ExpectedConditions$6.apply(ExpectedConditions.java:168)
at org.openqa.selenium.support.ui.FluentWait.until(FluentWait.java:203)
at pages.RoleSelectionPage.selectPLRole(RoleSelectionPage.java:87)
at helper.BaseTest.beforeMethod(BaseTest.java:56)
at java.base/jdk.internal.reflect.DirectMethodHandleAccessor.invoke(DirectMethodHandleAccessor.java:103)
at java.base/java.lang.reflect.Method.invoke(Method.java:580)
at org.testng.internal.invokers.MethodInvocationHelper.invokeMethod(MethodInvocationHelper.java:141)
at org.testng.internal.invokers.MethodInvocationHelper.invokeMethodConsideringTimeout(MethodInvocationHelper.java:71)
at org.testng.internal.invokers.ConfigInvoker.invokeConfigurationMethod(ConfigInvoker.java:400)
at org.testng.internal.invokers.ConfigInvoker.invokeConfigurations(ConfigInvoker.java:333)
at org.testng.internal.invokers.TestInvoker.runConfigMethods(TestInvoker.java:833)
at org.testng.internal.invokers.TestInvoker.invokeMethod(TestInvoker.java:600)
at org.testng.internal.invokers.TestInvoker.invokeTestMethod(TestInvoker.java:230)
at org.testng.internal.invokers.MethodRunner.runInSequence(MethodRunner.java:63)
at org.testng.internal.invokers.TestInvoker$MethodInvocationAgent.invoke(TestInvoker.java:992)
at org.testng.internal.invokers.TestInvoker.invokeTestMethods(TestInvoker.java:203)
at org.testng.internal.invokers.TestMethodWorker.invokeTestMethods(TestMethodWorker.java:154)
at org.testng.internal.invokers.TestMethodWorker.run(TestMethodWorker.java:134)
at java.base/java.util.ArrayList.forEach(ArrayList.java:1597)
at org.testng.TestRunner.privateRun(TestRunner.java:739)
at org.testng.TestRunner.run(TestRunner.java:614)
at org.testng.SuiteRunner.runTest(SuiteRunner.java:421)
at org.testng.SuiteRunner.runSequentially(SuiteRunner.java:413)
at org.testng.SuiteRunner.privateRun(SuiteRunner.java:373)
at org.testng.SuiteRunner.run(SuiteRunner.java:312)
at org.testng.SuiteRunnerWorker.runSuite(SuiteRunnerWorker.java:52)
at org.testng.SuiteRunnerWorker.run(SuiteRunnerWorker.java:95)
at org.testng.TestNG.runSuitesSequentially(TestNG.java:1274)
at org.testng.TestNG.runSuitesLocally(TestNG.java:1208)
at org.testng.TestNG.runSuites(TestNG.java:1112)
at org.testng.TestNG.run(TestNG.java:1079)
at org.testng.remote.AbstractRemoteTestNG.run(AbstractRemoteTestNG.java:115)
at org.testng.remote.RemoteTestNG.initAndRun(RemoteTestNG.java:293)
at org.testng.remote.RemoteTestNG.main(RemoteTestNG.java:91)
]]>
    </error>
  </testcase> <!-- beforeMethod -->
  <testcase classname="test.PLExportTest" name="TC_149_Verification_of_visibility_of_yearly_partially_approved_tasks_of_entire_team" time="0.000">
    <skipped/>
  </testcase> <!-- TC_149_Verification_of_visibility_of_yearly_partially_approved_tasks_of_entire_team -->
  <testcase classname="test.PLExportTest" name="TC_150_Verification_of_visibility_of_yearly_partially_approved_tasks_of_a_particular_Reportee" time="0.000">
    <skipped/>
  </testcase> <!-- TC_150_Verification_of_visibility_of_yearly_partially_approved_tasks_of_a_particular_Reportee -->
  <testcase classname="test.PLExportTest" name="TC_151_vis_pat_particular_month" time="0.000">
    <skipped/>
  </testcase> <!-- TC_151_vis_pat_particular_month -->
  <testcase classname="test.PLExportTest" name="TC_152_Verification_of_visibility_of_partially_approved_task_list_of_a_particular_month_of_a_particular_Reportee" time="0.000">
    <skipped/>
  </testcase> <!-- TC_152_Verification_of_visibility_of_partially_approved_task_list_of_a_particular_month_of_a_particular_Reportee -->
  <testcase classname="test.PLExportTest" name="TC_153_vis_pat_weekly_exctract" time="0.000">
    <skipped/>
  </testcase> <!-- TC_153_vis_pat_weekly_exctract -->
  <testcase classname="test.PLExportTest" name="TC_155_visibility_of_yearly_partially_submitted_tasks_of_entire_team" time="0.000">
    <skipped/>
  </testcase> <!-- TC_155_visibility_of_yearly_partially_submitted_tasks_of_entire_team -->
  <testcase classname="test.PLExportTest" name="TC_156_Verification_of_visibility_of_yearly_partially_submitted_tasks_of_a_particular_Reportee" time="0.000">
    <skipped/>
  </testcase> <!-- TC_156_Verification_of_visibility_of_yearly_partially_submitted_tasks_of_a_particular_Reportee -->
  <testcase classname="test.PLExportTest" name="TC_157_Verification_of_visibility_of_partially_submitted_task_list_of_a_particular_month_of_his_entire_team" time="0.000">
    <skipped/>
  </testcase> <!-- TC_157_Verification_of_visibility_of_partially_submitted_task_list_of_a_particular_month_of_his_entire_team -->
  <testcase classname="test.PLExportTest" name="TC_158_Verification_of_visibility_of_partially_submitted_task_list_of_a_particular_month_of_a_particular_Reportee" time="0.001">
    <skipped/>
  </testcase> <!-- TC_158_Verification_of_visibility_of_partially_submitted_task_list_of_a_particular_month_of_a_particular_Reportee -->
  <testcase classname="test.PLExportTest" name="TC_159_Verification_of_visibility_of_exported_Weekly_partially_submitted_tasks_of_entire_team" time="0.000">
    <skipped/>
  </testcase> <!-- TC_159_Verification_of_visibility_of_exported_Weekly_partially_submitted_tasks_of_entire_team -->
  <testcase classname="test.PLExportTest" name="TC_357_verification_of_total_billable_non_billable_hours_in_export_screen" time="0.000">
    <skipped/>
  </testcase> <!-- TC_357_verification_of_total_billable_non_billable_hours_in_export_screen -->
  <testcase classname="test.PLExportTest" name="TC_358_verification_of_total_billable_non_billable_hours_in_export_screen_for_particular_user" time="0.000">
    <skipped/>
  </testcase> <!-- TC_358_verification_of_total_billable_non_billable_hours_in_export_screen_for_particular_user -->
  <testcase classname="test.PLExportTest" name="TC_359_verification_of_total_billable_non_billable_hours_in_export_screen_for_particular_user_on_the_basis_of_yearly_extract" time="0.000">
    <skipped/>
  </testcase> <!-- TC_359_verification_of_total_billable_non_billable_hours_in_export_screen_for_particular_user_on_the_basis_of_yearly_extract -->
  <testcase classname="test.PLExportTest" name="TC_360_verification_of_total_billable_non_billable_hours_in_export_screen_for_particular_user_on_the_basis_of_monthly_extract" time="0.000">
    <skipped/>
  </testcase> <!-- TC_360_verification_of_total_billable_non_billable_hours_in_export_screen_for_particular_user_on_the_basis_of_monthly_extract -->
  <testcase classname="test.PLExportTest" name="TC_361_verification_of_total_billable_non_billable_hours_in_export_screen_for_particular_user_on_the_basis_of_weekly_extract" time="0.000">
    <skipped/>
  </testcase> <!-- TC_361_verification_of_total_billable_non_billable_hours_in_export_screen_for_particular_user_on_the_basis_of_weekly_extract -->
  <testcase classname="test.PLExportTest" name="TC_362_verification_of_total_billable_non_billable_hours_in_export_screen_for_particular_user_on_the_basis_of_datewise_extract" time="0.000">
    <skipped/>
  </testcase> <!-- TC_362_verification_of_total_billable_non_billable_hours_in_export_screen_for_particular_user_on_the_basis_of_datewise_extract -->
</testsuite> <!-- test.PLExportTest -->
