<?xml version="1.0" encoding="UTF-8"?>
<!-- Generated by org.testng.reporters.JUnitReportReporter -->
<testsuite hostname="PSDLAP374" failures="0" tests="79" name="test.Editor.ExportTest_Editor" time="5864.530" errors="0" timestamp="2025-01-21T15:18:14 IST" skipped="10">
  <testcase classname="test.Editor.ExportTest_Editor" name="Datewise_Extract_Export_Submitted_Task_TC_099_Editor" time="84.031"/>
  <testcase classname="test.Editor.ExportTest_Editor" name="Datewise_Extract_Export_Submitted_Task_of_Reportee_TC_100_Editor" time="69.066"/>
  <testcase classname="test.Editor.ExportTest_Editor" name="Datewise_Extract_Export_Submitted_Task_in_Date_Range_TC_101_Editor" time="84.861"/>
  <testcase classname="test.Editor.ExportTest_Editor" name="Datewise_Extract_Export_Submitted_Task_in_Date_Range_and_Reportee_TC_102__Editor" time="70.583"/>
  <testcase classname="test.Editor.ExportTest_Editor" name="Yearly_Extract_Export_Rejected_Task_TC_103_Editor" time="62.706"/>
  <testcase classname="test.Editor.ExportTest_Editor" name="Yearly_Extract_Export_Rejected_Task_of_Reportee_TC_104_Editor" time="83.640"/>
  <testcase classname="test.Editor.ExportTest_Editor" name="Monthly_Extract_Export_Rejected_Task_of_particular_Month_TC_105_Editor" time="66.266"/>
  <testcase classname="test.Editor.ExportTest_Editor" name="Monthly_Extract_Export_Rejected_Task_of_particular_Month_of_Reportee_TC_106_Editor" time="69.512"/>
  <testcase classname="test.Editor.ExportTest_Editor" name="Weekly_Extract_Export_Rejected_Task_TC_107_Editor" time="78.912">
    <skipped/>
  </testcase> <!-- Weekly_Extract_Export_Rejected_Task_TC_107_Editor -->
  <testcase classname="test.Editor.ExportTest_Editor" name="Weekly_Extract_Export_Rejected_Task_TC_107_Editor" time="78.094">
    <skipped/>
  </testcase> <!-- Weekly_Extract_Export_Rejected_Task_TC_107_Editor -->
  <testcase classname="test.Editor.ExportTest_Editor" name="Weekly_Extract_Export_Rejected_Task_TC_107_Editor" time="69.851"/>
  <testcase classname="test.Editor.ExportTest_Editor" name="Weekly_Extract_Export_Rejected_Task_of_Reportee_TC_108_Editor" time="74.055"/>
  <testcase classname="test.Editor.ExportTest_Editor" name="Datewise_Extract_Export_Rejected_Task_of_particular_Date_TC_109_Editor" time="67.418"/>
  <testcase classname="test.Editor.ExportTest_Editor" name="Datewise_Extract_Export_Rejected_Task_of_particular_Date_of_Reportee_TC_110_Editor" time="76.652"/>
  <testcase classname="test.Editor.ExportTest_Editor" name="Datewise_Extract_Export_Rejected_Task_in_Date_Range_TC_111_Editor" time="66.125"/>
  <testcase classname="test.Editor.ExportTest_Editor" name="Datewise_Extract_Export_Rejected_Task_in_Date_Range_of_Reportee_TC_112_Editor" time="87.465"/>
  <testcase classname="test.Editor.ExportTest_Editor" name="Yearly_Extract_Export_Draft_Task_TC_113_Editor" time="81.175"/>
  <testcase classname="test.Editor.ExportTest_Editor" name="Yearly_Extract_Export_Draft_Task_of_Reportee_TC_114_Editor" time="71.429"/>
  <testcase classname="test.Editor.ExportTest_Editor" name="Monthly_Extract_Export_Draft_Task_of_particular_Month_TC_115_Editor" time="72.782"/>
  <testcase classname="test.Editor.ExportTest_Editor" name="Monthly_Extract_Export_Draft_Task_of_particular_Month_of_Reportee_TC_116_Editor" time="66.887"/>
  <testcase classname="test.Editor.ExportTest_Editor" name="Weekly_Extract_Export_Draft_Task_TC_117_Editor" time="81.550"/>
  <testcase classname="test.Editor.ExportTest_Editor" name="Weekly_Extract_Export_Draft_Task_of_Reportee_TC_118_Editor" time="82.158"/>
  <testcase classname="test.Editor.ExportTest_Editor" name="Datewise_Extract_Export_Draft_Task_of_particular_Date_TC_119_Editor" time="70.549"/>
  <testcase classname="test.Editor.ExportTest_Editor" name="Datewise_Extract_Export_Draft_Task_of_particular_Date_of_Reportee_TC_120_Editor" time="72.081">
    <skipped/>
  </testcase> <!-- Datewise_Extract_Export_Draft_Task_of_particular_Date_of_Reportee_TC_120_Editor -->
  <testcase classname="test.Editor.ExportTest_Editor" name="Datewise_Extract_Export_Draft_Task_of_particular_Date_of_Reportee_TC_120_Editor" time="91.460"/>
  <testcase classname="test.Editor.ExportTest_Editor" name="Datewise_Extract_Export_Draft_Task_in_Date_Range_TC_121_Editor" time="67.019"/>
  <testcase classname="test.Editor.ExportTest_Editor" name="Datewise_Extract_Export_Draft_Task_in_Date_Range_of_Reportee_TC_122_Editor" time="72.237"/>
  <testcase classname="test.Editor.ExportTest_Editor" name="TC_148_Verification_of_Verification_of_last_refreshed_date_Editor" time="61.760"/>
  <testcase classname="test.Editor.ExportTest_Editor" name="TC_149_Verification_of_visibility_of_yearly_partially_approved_tasks_of_entire_team_Editor" time="72.597"/>
  <testcase classname="test.Editor.ExportTest_Editor" name="TC_150_Verification_of_visibility_of_yearly_partially_approved_tasks_of_a_particular_Reportee_Editor" time="73.581"/>
  <testcase classname="test.Editor.ExportTest_Editor" name="TC_151_vis_pat_particular_month_Editor" time="78.526"/>
  <testcase classname="test.Editor.ExportTest_Editor" name="TC_152_Verification_of_visibility_of_partially_approved_task_list_of_a_particular_month_of_a_particular_Reportee_Editor" time="83.211"/>
  <testcase classname="test.Editor.ExportTest_Editor" name="TC_153_vis_pat_weekly_exctract_Editor" time="103.345"/>
  <testcase classname="test.Editor.ExportTest_Editor" name="TC_154_Verification_of_visibility_of_exported__Weekly_partially_approved_tasks_of_a_particular_Reportee_Editor" time="76.485">
    <skipped/>
  </testcase> <!-- TC_154_Verification_of_visibility_of_exported__Weekly_partially_approved_tasks_of_a_particular_Reportee_Editor -->
  <testcase classname="test.Editor.ExportTest_Editor" name="TC_154_Verification_of_visibility_of_exported__Weekly_partially_approved_tasks_of_a_particular_Reportee_Editor" time="80.327"/>
  <testcase classname="test.Editor.ExportTest_Editor" name="TC_155_visibility_of_yearly_partially_submitted_tasks_of_entire_team_Editor" time="76.417"/>
  <testcase classname="test.Editor.ExportTest_Editor" name="TC_156_Verification_of_visibility_of_yearly_partially_submitted_tasks_of_a_particular_Reportee_Editor" time="88.259"/>
  <testcase classname="test.Editor.ExportTest_Editor" name="TC_157_Verification_of_visibility_of_partially_submitted_task_list_of_a_particular_month_of_his_entire_team_Editor" time="91.805"/>
  <testcase classname="test.Editor.ExportTest_Editor" name="TC_158_Verification_of_visibility_of_partially_submitted_task_list_of_a_particular_month_of_a_particular_Reportee_Editor" time="70.476"/>
  <testcase classname="test.Editor.ExportTest_Editor" name="TC_159_Verification_of_visibility_of_exported_Weekly_partially_submitted_tasks_of_entire_team_Editor" time="71.241"/>
  <testcase classname="test.Editor.ExportTest_Editor" name="TC_357_verification_of_total_billable_non_billable_hours_in_export_screen_Editor" time="62.123"/>
  <testcase classname="test.Editor.ExportTest_Editor" name="TC_358_verification_of_total_billable_non_billable_hours_in_export_screen_for_particular_user_Editor" time="70.641"/>
  <testcase classname="test.Editor.ExportTest_Editor" name="TC_359_verification_of_total_billable_non_billable_hours_in_export_screen_for_particular_user_on_the_basis_of_yearly_extract_Editor" time="70.382"/>
  <testcase classname="test.Editor.ExportTest_Editor" name="TC_360_verification_of_total_billable_non_billable_hours_in_export_screen_for_particular_user_on_the_basis_of_monthly_extract_Editor" time="66.238"/>
  <testcase classname="test.Editor.ExportTest_Editor" name="TC_361_verification_of_total_billable_non_billable_hours_in_export_screen_for_particular_user_on_the_basis_of_weekly_extract_Editor" time="71.046"/>
  <testcase classname="test.Editor.ExportTest_Editor" name="TC_362_verification_of_total_billable_non_billable_hours_in_export_screen_for_particular_user_on_the_basis_of_datewise_extract_Editor" time="69.837"/>
  <testcase classname="test.Editor.ExportTest_Editor" name="TC_160_Verification_of_visibility_of_exported__Weekly_partially_submitted_tasks_of_a_particular_Reportee_Editor" time="78.855"/>
  <testcase classname="test.Editor.ExportTest_Editor" name="TC_073_Editor_approve_list" time="74.650"/>
  <testcase classname="test.Editor.ExportTest_Editor" name="TC_074_Editor_export_year_task" time="63.636"/>
  <testcase classname="test.Editor.ExportTest_Editor" name="TC_075_Editor_approved_year_task" time="71.405"/>
  <testcase classname="test.Editor.ExportTest_Editor" name="TC_076_Editor_year_list_reportee" time="65.343"/>
  <testcase classname="test.Editor.ExportTest_Editor" name="TC_076_Editor_year_list_reportee" time="72.178">
    <skipped/>
  </testcase> <!-- TC_076_Editor_year_list_reportee -->
  <testcase classname="test.Editor.ExportTest_Editor" name="TC_077_Editor_approve_month" time="73.337"/>
  <testcase classname="test.Editor.ExportTest_Editor" name="TC_078_Editor_approved_month_team" time="72.348"/>
  <testcase classname="test.Editor.ExportTest_Editor" name="TC_079_Editor_approve_month_reportee" time="78.521"/>
  <testcase classname="test.Editor.ExportTest_Editor" name="TC_080_Editor_list_month_reportee" time="71.698"/>
  <testcase classname="test.Editor.ExportTest_Editor" name="TC_081_Editor_week_team_approved" time="87.859"/>
  <testcase classname="test.Editor.ExportTest_Editor" name="TC_082_Editor_week_team" time="78.594"/>
  <testcase classname="test.Editor.ExportTest_Editor" name="TC_083_Editor_approved_week_team" time="82.887"/>
  <testcase classname="test.Editor.ExportTest_Editor" name="TC_084_Editor_week_reportee_task" time="68.870"/>
  <testcase classname="test.Editor.ExportTest_Editor" name="TC_085_Editor_date_approved_task" time="71.355"/>
  <testcase classname="test.Editor.ExportTest_Editor" name="TC_085_Editor_date_approved_task" time="73.179">
    <skipped/>
  </testcase> <!-- TC_085_Editor_date_approved_task -->
  <testcase classname="test.Editor.ExportTest_Editor" name="TC_085_Editor_date_approved_task" time="80.412">
    <skipped/>
  </testcase> <!-- TC_085_Editor_date_approved_task -->
  <testcase classname="test.Editor.ExportTest_Editor" name="TC_086_Editor_date_task" time="59.662">
    <skipped/>
  </testcase> <!-- TC_086_Editor_date_task -->
  <testcase classname="test.Editor.ExportTest_Editor" name="TC_086_Editor_date_task" time="63.627"/>
  <testcase classname="test.Editor.ExportTest_Editor" name="TC_087_Editor_date_reportee" time="72.921"/>
  <testcase classname="test.Editor.ExportTest_Editor" name="TC_088_Editor_date_reportee_task" time="68.051"/>
  <testcase classname="test.Editor.ExportTest_Editor" name="TC_089_Editor_date_select_range_team" time="80.713">
    <skipped/>
  </testcase> <!-- TC_089_Editor_date_select_range_team -->
  <testcase classname="test.Editor.ExportTest_Editor" name="TC_089_Editor_date_select_range_team" time="69.224"/>
  <testcase classname="test.Editor.ExportTest_Editor" name="TC_090_Editor_task_date_range" time="64.988"/>
  <testcase classname="test.Editor.ExportTest_Editor" name="TC_091_Editor_date_range_reportee" time="79.221"/>
  <testcase classname="test.Editor.ExportTest_Editor" name="TC_092_Editor_date_reportee" time="70.588"/>
  <testcase classname="test.Editor.ExportTest_Editor" name="TC_093_Editor_submitted_team" time="69.684"/>
  <testcase classname="test.Editor.ExportTest_Editor" name="TC_094_Editor_year_task_reportee" time="69.125"/>
  <testcase classname="test.Editor.ExportTest_Editor" name="TC_094_Editor_year_task_reportee" time="64.810">
    <skipped/>
  </testcase> <!-- TC_094_Editor_year_task_reportee -->
  <testcase classname="test.Editor.ExportTest_Editor" name="TC_095_Editor_month_task_team" time="87.233"/>
  <testcase classname="test.Editor.ExportTest_Editor" name="TC_096_Editor_submitted_month_task" time="77.380"/>
  <testcase classname="test.Editor.ExportTest_Editor" name="TC_097_Editor_submitted_task_team" time="71.080"/>
  <testcase classname="test.Editor.ExportTest_Editor" name="TC_098_Editor_week_task_reportee" time="74.235"/>
</testsuite> <!-- test.Editor.ExportTest_Editor -->
