<?xml version="1.0" encoding="UTF-8"?>
<!-- Generated by org.testng.reporters.JUnitReportReporter -->
<testsuite hostname="PSDLAP374" failures="0" tests="1" name="test.ReportingLead.RLDashboardTest" time="49.848" errors="0" timestamp="2025-01-19T23:41:15 IST" skipped="0">
  <testcase classname="test.ReportingLead.RLDashboardTest" name="TC_249_Verification_of_visibility_of_consumed_hours_to_lead_from_the_date_lead_is_selected" time="49.848"/>
</testsuite> <!-- test.ReportingLead.RLDashboardTest -->
