<?xml version="1.0" encoding="UTF-8"?>
<!-- Generated by org.testng.reporters.JUnitReportReporter -->
<testsuite hostname="PSDLAP374" failures="0" tests="3" name="test.HumanResource.TimesheetSettingTest_HR" time="214.366" errors="0" timestamp="2025-01-27T17:19:26 IST" skipped="0">
  <testcase classname="test.HumanResource.TimesheetSettingTest_HR" name="Search_using_employee_TC_049_HR" time="69.739"/>
  <testcase classname="test.HumanResource.TimesheetSettingTest_HR" name="Search_using_client_TC_050_HR" time="67.328"/>
  <testcase classname="test.HumanResource.TimesheetSettingTest_HR" name="Search_and_refresh_TC_051_HR" time="77.299"/>
</testsuite> <!-- test.HumanResource.TimesheetSettingTest_HR -->
