<?xml version="1.0" encoding="UTF-8"?>
<!-- Generated by org.testng.reporters.JUnitReportReporter -->
<testsuite hostname="PSDLAP374" failures="0" tests="16" name="test.EditorExportTest" time="1327.277" errors="0" timestamp="2024-12-07T15:27:26 IST" skipped="0">
  <testcase classname="test.EditorExportTest" name="TC_149_Verification_of_visibility_of_yearly_partially_approved_tasks_of_entire_team" time="79.686"/>
  <testcase classname="test.EditorExportTest" name="TC_150_Verification_of_visibility_of_yearly_partially_approved_tasks_of_a_particular_Reportee" time="83.933"/>
  <testcase classname="test.EditorExportTest" name="TC_151_vis_pat_particular_month" time="90.425"/>
  <testcase classname="test.EditorExportTest" name="TC_152_Verification_of_visibility_of_partially_approved_task_list_of_a_particular_month_of_a_particular_Reportee" time="94.790"/>
  <testcase classname="test.EditorExportTest" name="TC_153_vis_pat_weekly_exctract" time="88.453"/>
  <testcase classname="test.EditorExportTest" name="TC_155_visibility_of_yearly_partially_submitted_tasks_of_entire_team" time="76.222"/>
  <testcase classname="test.EditorExportTest" name="TC_156_Verification_of_visibility_of_yearly_partially_submitted_tasks_of_a_particular_Reportee" time="86.102"/>
  <testcase classname="test.EditorExportTest" name="TC_157_Verification_of_visibility_of_partially_submitted_task_list_of_a_particular_month_of_his_entire_team" time="80.528"/>
  <testcase classname="test.EditorExportTest" name="TC_158_Verification_of_visibility_of_partially_submitted_task_list_of_a_particular_month_of_a_particular_Reportee" time="87.439"/>
  <testcase classname="test.EditorExportTest" name="TC_159_Verification_of_visibility_of_exported_Weekly_partially_submitted_tasks_of_entire_team" time="83.418"/>
  <testcase classname="test.EditorExportTest" name="TC_357_verification_of_total_billable_non_billable_hours_in_export_screen" time="68.662"/>
  <testcase classname="test.EditorExportTest" name="TC_358_verification_of_total_billable_non_billable_hours_in_export_screen_for_particular_user" time="79.396"/>
  <testcase classname="test.EditorExportTest" name="TC_359_verification_of_total_billable_non_billable_hours_in_export_screen_for_particular_user_on_the_basis_of_yearly_extract" time="83.336"/>
  <testcase classname="test.EditorExportTest" name="TC_360_verification_of_total_billable_non_billable_hours_in_export_screen_for_particular_user_on_the_basis_of_monthly_extract" time="85.278"/>
  <testcase classname="test.EditorExportTest" name="TC_361_verification_of_total_billable_non_billable_hours_in_export_screen_for_particular_user_on_the_basis_of_weekly_extract" time="86.215"/>
  <testcase classname="test.EditorExportTest" name="TC_362_verification_of_total_billable_non_billable_hours_in_export_screen_for_particular_user_on_the_basis_of_datewise_extract" time="73.394"/>
</testsuite> <!-- test.EditorExportTest -->
