<?xml version="1.0" encoding="UTF-8"?>
<!-- Generated by org.testng.reporters.JUnitReportReporter -->
<testsuite hostname="PSDLAP374" failures="0" tests="2" name="test.HumanResource.ChargeActivityTypeTest" time="115.559" errors="0" timestamp="2025-02-04T23:10:22 IST" skipped="0">
  <testcase classname="test.HumanResource.ChargeActivityTypeTest" name="Search_and_refresh_HR_TC_040" time="53.827"/>
  <testcase classname="test.HumanResource.ChargeActivityTypeTest" name="Search_and_refresh_HR_TC_040" time="61.732"/>
</testsuite> <!-- test.HumanResource.ChargeActivityTypeTest -->
