<?xml version="1.0" encoding="UTF-8"?>
<!-- Generated by org.testng.reporters.JUnitReportReporter -->
<testsuite hostname="PSDLAP374" failures="0" tests="4" name="test.HumanResource.HRDashboardTest" time="213.233" errors="0" timestamp="2024-12-24T15:35:07 IST" skipped="0">
  <testcase classname="test.HumanResource.HRDashboardTest" name="different_colour_clues" time="46.047"/>
  <testcase classname="test.HumanResource.HRDashboardTest" name="GreenRlButton" time="70.078"/>
  <testcase classname="test.HumanResource.HRDashboardTest" name="PurplePlButton" time="48.410"/>
  <testcase classname="test.HumanResource.HRDashboardTest" name="BlackUserButton" time="48.698"/>
</testsuite> <!-- test.HumanResource.HRDashboardTest -->
