<?xml version="1.0" encoding="UTF-8"?>
<!-- Generated by org.testng.reporters.JUnitReportReporter -->
<testsuite hostname="PSDLAP374" failures="0" tests="3" name="test.HumanResource.TimesheetSettingTest_HR" time="144.152" errors="0" timestamp="2024-12-24T15:35:07 IST" skipped="0">
  <testcase classname="test.HumanResource.TimesheetSettingTest_HR" name="Search_using_employee_TC_049_HR" time="46.740"/>
  <testcase classname="test.HumanResource.TimesheetSettingTest_HR" name="Search_using_client_TC_050_HR" time="49.220"/>
  <testcase classname="test.HumanResource.TimesheetSettingTest_HR" name="Search_and_refresh_TC_051_HR" time="48.192"/>
</testsuite> <!-- test.HumanResource.TimesheetSettingTest_HR -->
