<?xml version="1.0" encoding="UTF-8"?>
<!-- Generated by org.testng.reporters.JUnitReportReporter -->
<testsuite hostname="PSDLAP374" failures="0" tests="1" name="test.PracticeLead.PLDashboardTest" time="47.062" errors="0" timestamp="2025-01-16T18:00:05 IST" skipped="0">
  <testcase classname="test.PracticeLead.PLDashboardTest" name="TC_250_Verification_of_visibility_of_submitted_or_partially_submitted_timesheet_to_lead_from_the_date_lead_is_selected" time="47.062"/>
</testsuite> <!-- test.PracticeLead.PLDashboardTest -->
