<?xml version="1.0" encoding="UTF-8"?>
<!-- Generated by org.testng.reporters.JUnitReportReporter -->
<testsuite hostname="PSDLAP374" failures="0" tests="2" name="test.HumanResource.ProjectTabTest_HR" time="142.990" errors="0" timestamp="2025-01-27T17:19:25 IST" skipped="0">
  <testcase classname="test.HumanResource.ProjectTabTest_HR" name="TC_032_SearchProject_HR" time="73.817"/>
  <testcase classname="test.HumanResource.ProjectTabTest_HR" name="TC_033_RefreshProject_HR" time="69.173"/>
</testsuite> <!-- test.HumanResource.ProjectTabTest_HR -->
