<?xml version="1.0" encoding="UTF-8"?>
<!-- Generated by org.testng.reporters.JUnitReportReporter -->
<testsuite hostname="PSDLAP374" failures="0" tests="81" name="test.Editor.ExportTest_Editor" time="5878.202" errors="0" timestamp="2025-01-16T13:25:15 IST" skipped="12">
  <testcase classname="test.Editor.ExportTest_Editor" name="Datewise_Extract_Export_Submitted_Task_TC_099_Editor" time="70.392"/>
  <testcase classname="test.Editor.ExportTest_Editor" name="Datewise_Extract_Export_Submitted_Task_of_Reportee_TC_100_Editor" time="67.038"/>
  <testcase classname="test.Editor.ExportTest_Editor" name="Datewise_Extract_Export_Submitted_Task_in_Date_Range_TC_101_Editor" time="60.331"/>
  <testcase classname="test.Editor.ExportTest_Editor" name="Datewise_Extract_Export_Submitted_Task_in_Date_Range_and_Reportee_TC_102__Editor" time="72.205"/>
  <testcase classname="test.Editor.ExportTest_Editor" name="Yearly_Extract_Export_Rejected_Task_TC_103_Editor" time="82.056"/>
  <testcase classname="test.Editor.ExportTest_Editor" name="Yearly_Extract_Export_Rejected_Task_of_Reportee_TC_104_Editor" time="88.585"/>
  <testcase classname="test.Editor.ExportTest_Editor" name="Monthly_Extract_Export_Rejected_Task_of_particular_Month_TC_105_Editor" time="66.215"/>
  <testcase classname="test.Editor.ExportTest_Editor" name="Monthly_Extract_Export_Rejected_Task_of_particular_Month_of_Reportee_TC_106_Editor" time="68.140"/>
  <testcase classname="test.Editor.ExportTest_Editor" name="Weekly_Extract_Export_Rejected_Task_TC_107_Editor" time="93.965"/>
  <testcase classname="test.Editor.ExportTest_Editor" name="Weekly_Extract_Export_Rejected_Task_of_Reportee_TC_108_Editor" time="71.065"/>
  <testcase classname="test.Editor.ExportTest_Editor" name="Weekly_Extract_Export_Rejected_Task_of_Reportee_TC_108_Editor" time="82.846">
    <skipped/>
  </testcase> <!-- Weekly_Extract_Export_Rejected_Task_of_Reportee_TC_108_Editor -->
  <testcase classname="test.Editor.ExportTest_Editor" name="Datewise_Extract_Export_Rejected_Task_of_particular_Date_TC_109_Editor" time="67.477"/>
  <testcase classname="test.Editor.ExportTest_Editor" name="Datewise_Extract_Export_Rejected_Task_of_particular_Date_of_Reportee_TC_110_Editor" time="63.531"/>
  <testcase classname="test.Editor.ExportTest_Editor" name="Datewise_Extract_Export_Rejected_Task_in_Date_Range_TC_111_Editor" time="67.008"/>
  <testcase classname="test.Editor.ExportTest_Editor" name="Datewise_Extract_Export_Rejected_Task_in_Date_Range_of_Reportee_TC_112_Editor" time="67.240"/>
  <testcase classname="test.Editor.ExportTest_Editor" name="Yearly_Extract_Export_Draft_Task_TC_113_Editor" time="65.263"/>
  <testcase classname="test.Editor.ExportTest_Editor" name="Yearly_Extract_Export_Draft_Task_of_Reportee_TC_114_Editor" time="82.033"/>
  <testcase classname="test.Editor.ExportTest_Editor" name="Monthly_Extract_Export_Draft_Task_of_particular_Month_TC_115_Editor" time="65.111"/>
  <testcase classname="test.Editor.ExportTest_Editor" name="Monthly_Extract_Export_Draft_Task_of_particular_Month_of_Reportee_TC_116_Editor" time="65.811"/>
  <testcase classname="test.Editor.ExportTest_Editor" name="Weekly_Extract_Export_Draft_Task_TC_117_Editor" time="66.940"/>
  <testcase classname="test.Editor.ExportTest_Editor" name="Weekly_Extract_Export_Draft_Task_of_Reportee_TC_118_Editor" time="84.819"/>
  <testcase classname="test.Editor.ExportTest_Editor" name="Datewise_Extract_Export_Draft_Task_of_particular_Date_TC_119_Editor" time="67.374">
    <skipped/>
  </testcase> <!-- Datewise_Extract_Export_Draft_Task_of_particular_Date_TC_119_Editor -->
  <testcase classname="test.Editor.ExportTest_Editor" name="Datewise_Extract_Export_Draft_Task_of_particular_Date_TC_119_Editor" time="70.816"/>
  <testcase classname="test.Editor.ExportTest_Editor" name="Datewise_Extract_Export_Draft_Task_of_particular_Date_of_Reportee_TC_120_Editor" time="69.268"/>
  <testcase classname="test.Editor.ExportTest_Editor" name="Datewise_Extract_Export_Draft_Task_in_Date_Range_TC_121_Editor" time="64.993"/>
  <testcase classname="test.Editor.ExportTest_Editor" name="Datewise_Extract_Export_Draft_Task_in_Date_Range_of_Reportee_TC_122_Editor" time="66.679"/>
  <testcase classname="test.Editor.ExportTest_Editor" name="TC_148_Verification_of_Verification_of_last_refreshed_date_Editor" time="55.106"/>
  <testcase classname="test.Editor.ExportTest_Editor" name="TC_149_Verification_of_visibility_of_yearly_partially_approved_tasks_of_entire_team_Editor" time="64.650"/>
  <testcase classname="test.Editor.ExportTest_Editor" name="TC_150_Verification_of_visibility_of_yearly_partially_approved_tasks_of_a_particular_Reportee_Editor" time="63.027">
    <skipped/>
  </testcase> <!-- TC_150_Verification_of_visibility_of_yearly_partially_approved_tasks_of_a_particular_Reportee_Editor -->
  <testcase classname="test.Editor.ExportTest_Editor" name="TC_150_Verification_of_visibility_of_yearly_partially_approved_tasks_of_a_particular_Reportee_Editor" time="69.084"/>
  <testcase classname="test.Editor.ExportTest_Editor" name="TC_151_vis_pat_particular_month_Editor" time="67.498"/>
  <testcase classname="test.Editor.ExportTest_Editor" name="TC_152_Verification_of_visibility_of_partially_approved_task_list_of_a_particular_month_of_a_particular_Reportee_Editor" time="64.373"/>
  <testcase classname="test.Editor.ExportTest_Editor" name="TC_153_vis_pat_weekly_exctract_Editor" time="81.144"/>
  <testcase classname="test.Editor.ExportTest_Editor" name="TC_154_Verification_of_visibility_of_exported__Weekly_partially_approved_tasks_of_a_particular_Reportee_Editor" time="73.910"/>
  <testcase classname="test.Editor.ExportTest_Editor" name="TC_154_Verification_of_visibility_of_exported__Weekly_partially_approved_tasks_of_a_particular_Reportee_Editor" time="70.523">
    <skipped/>
  </testcase> <!-- TC_154_Verification_of_visibility_of_exported__Weekly_partially_approved_tasks_of_a_particular_Reportee_Editor -->
  <testcase classname="test.Editor.ExportTest_Editor" name="TC_155_visibility_of_yearly_partially_submitted_tasks_of_entire_team_Editor" time="64.978"/>
  <testcase classname="test.Editor.ExportTest_Editor" name="TC_156_Verification_of_visibility_of_yearly_partially_submitted_tasks_of_a_particular_Reportee_Editor" time="67.492"/>
  <testcase classname="test.Editor.ExportTest_Editor" name="TC_157_Verification_of_visibility_of_partially_submitted_task_list_of_a_particular_month_of_his_entire_team_Editor" time="65.496"/>
  <testcase classname="test.Editor.ExportTest_Editor" name="TC_158_Verification_of_visibility_of_partially_submitted_task_list_of_a_particular_month_of_a_particular_Reportee_Editor" time="68.139"/>
  <testcase classname="test.Editor.ExportTest_Editor" name="TC_159_Verification_of_visibility_of_exported_Weekly_partially_submitted_tasks_of_entire_team_Editor" time="69.069"/>
  <testcase classname="test.Editor.ExportTest_Editor" name="TC_357_verification_of_total_billable_non_billable_hours_in_export_screen_Editor" time="63.005"/>
  <testcase classname="test.Editor.ExportTest_Editor" name="TC_358_verification_of_total_billable_non_billable_hours_in_export_screen_for_particular_user_Editor" time="60.605"/>
  <testcase classname="test.Editor.ExportTest_Editor" name="TC_359_verification_of_total_billable_non_billable_hours_in_export_screen_for_particular_user_on_the_basis_of_yearly_extract_Editor" time="83.158"/>
  <testcase classname="test.Editor.ExportTest_Editor" name="TC_360_verification_of_total_billable_non_billable_hours_in_export_screen_for_particular_user_on_the_basis_of_monthly_extract_Editor" time="64.653"/>
  <testcase classname="test.Editor.ExportTest_Editor" name="TC_361_verification_of_total_billable_non_billable_hours_in_export_screen_for_particular_user_on_the_basis_of_weekly_extract_Editor" time="64.550"/>
  <testcase classname="test.Editor.ExportTest_Editor" name="TC_362_verification_of_total_billable_non_billable_hours_in_export_screen_for_particular_user_on_the_basis_of_datewise_extract_Editor" time="73.484"/>
  <testcase classname="test.Editor.ExportTest_Editor" name="TC_160_Verification_of_visibility_of_exported__Weekly_partially_submitted_tasks_of_a_particular_Reportee_Editor" time="92.475"/>
  <testcase classname="test.Editor.ExportTest_Editor" name="TC_073_Editor_approve_list" time="97.208"/>
  <testcase classname="test.Editor.ExportTest_Editor" name="TC_073_Editor_approve_list" time="57.360">
    <skipped/>
  </testcase> <!-- TC_073_Editor_approve_list -->
  <testcase classname="test.Editor.ExportTest_Editor" name="TC_074_Editor_export_year_task" time="65.708"/>
  <testcase classname="test.Editor.ExportTest_Editor" name="TC_075_Editor_approved_year_task" time="61.709">
    <skipped/>
  </testcase> <!-- TC_075_Editor_approved_year_task -->
  <testcase classname="test.Editor.ExportTest_Editor" name="TC_075_Editor_approved_year_task" time="94.012"/>
  <testcase classname="test.Editor.ExportTest_Editor" name="TC_076_Editor_year_list_reportee" time="65.238"/>
  <testcase classname="test.Editor.ExportTest_Editor" name="TC_077_Editor_approve_month" time="95.523"/>
  <testcase classname="test.Editor.ExportTest_Editor" name="TC_078_Editor_approved_month_team" time="63.400"/>
  <testcase classname="test.Editor.ExportTest_Editor" name="TC_079_Editor_approve_month_reportee" time="79.921"/>
  <testcase classname="test.Editor.ExportTest_Editor" name="TC_080_Editor_list_month_reportee" time="69.084"/>
  <testcase classname="test.Editor.ExportTest_Editor" name="TC_081_Editor_week_team_approved" time="77.335"/>
  <testcase classname="test.Editor.ExportTest_Editor" name="TC_081_Editor_week_team_approved" time="125.904">
    <skipped/>
  </testcase> <!-- TC_081_Editor_week_team_approved -->
  <testcase classname="test.Editor.ExportTest_Editor" name="TC_081_Editor_week_team_approved" time="75.807">
    <skipped/>
  </testcase> <!-- TC_081_Editor_week_team_approved -->
  <testcase classname="test.Editor.ExportTest_Editor" name="TC_082_Editor_week_team" time="80.644"/>
  <testcase classname="test.Editor.ExportTest_Editor" name="TC_082_Editor_week_team" time="66.767">
    <skipped/>
  </testcase> <!-- TC_082_Editor_week_team -->
  <testcase classname="test.Editor.ExportTest_Editor" name="TC_083_Editor_approved_week_team" time="74.676">
    <skipped/>
  </testcase> <!-- TC_083_Editor_approved_week_team -->
  <testcase classname="test.Editor.ExportTest_Editor" name="TC_083_Editor_approved_week_team" time="74.291"/>
  <testcase classname="test.Editor.ExportTest_Editor" name="TC_084_Editor_week_reportee_task" time="61.550"/>
  <testcase classname="test.Editor.ExportTest_Editor" name="TC_085_Editor_date_approved_task" time="70.496"/>
  <testcase classname="test.Editor.ExportTest_Editor" name="TC_086_Editor_date_task" time="64.428"/>
  <testcase classname="test.Editor.ExportTest_Editor" name="TC_087_Editor_date_reportee" time="74.277">
    <skipped/>
  </testcase> <!-- TC_087_Editor_date_reportee -->
  <testcase classname="test.Editor.ExportTest_Editor" name="TC_087_Editor_date_reportee" time="88.664"/>
  <testcase classname="test.Editor.ExportTest_Editor" name="TC_088_Editor_date_reportee_task" time="65.857">
    <skipped/>
  </testcase> <!-- TC_088_Editor_date_reportee_task -->
  <testcase classname="test.Editor.ExportTest_Editor" name="TC_088_Editor_date_reportee_task" time="76.498"/>
  <testcase classname="test.Editor.ExportTest_Editor" name="TC_089_Editor_date_select_range_team" time="71.171"/>
  <testcase classname="test.Editor.ExportTest_Editor" name="TC_090_Editor_task_date_range" time="67.605"/>
  <testcase classname="test.Editor.ExportTest_Editor" name="TC_091_Editor_date_range_reportee" time="74.370"/>
  <testcase classname="test.Editor.ExportTest_Editor" name="TC_092_Editor_date_reportee" time="62.179"/>
  <testcase classname="test.Editor.ExportTest_Editor" name="TC_093_Editor_submitted_team" time="72.814"/>
  <testcase classname="test.Editor.ExportTest_Editor" name="TC_094_Editor_year_task_reportee" time="73.810"/>
  <testcase classname="test.Editor.ExportTest_Editor" name="TC_095_Editor_month_task_team" time="91.660"/>
  <testcase classname="test.Editor.ExportTest_Editor" name="TC_096_Editor_submitted_month_task" time="81.604"/>
  <testcase classname="test.Editor.ExportTest_Editor" name="TC_097_Editor_submitted_task_team" time="76.426"/>
  <testcase classname="test.Editor.ExportTest_Editor" name="TC_098_Editor_week_task_reportee" time="76.586"/>
</testsuite> <!-- test.Editor.ExportTest_Editor -->
