<?xml version="1.0" encoding="UTF-8"?>
<!-- Generated by org.testng.reporters.JUnitReportReporter -->
<testsuite hostname="PSDLAP374" failures="0" tests="11" name="test.ViewerDashboardTest" time="512.372" errors="0" timestamp="2024-12-05T16:14:22 IST" skipped="0">
  <testcase classname="test.ViewerDashboardTest" name="Navigate_to_dashboard" time="50.644"/>
  <testcase classname="test.ViewerDashboardTest" name="TC_002_Click_reportee" time="45.715"/>
  <testcase classname="test.ViewerDashboardTest" name="TC_003_BlackUserButton" time="47.763"/>
  <testcase classname="test.ViewerDashboardTest" name="TC_004_toogle_switchon" time="42.028"/>
  <testcase classname="test.ViewerDashboardTest" name="TC_004_toogle_switchoff" time="46.778"/>
  <testcase classname="test.ViewerDashboardTest" name="TC_005_Verification_of_list_of_associated_clients" time="41.369"/>
  <testcase classname="test.ViewerDashboardTest" name="TC_006_Verification_of_list_of_claimed_tasks_by_direct_reportees" time="46.199"/>
  <testcase classname="test.ViewerDashboardTest" name="TC_007_Verification_of_claimed_task_hours_change_with_Financial_year_dropdown" time="39.956"/>
  <testcase classname="test.ViewerDashboardTest" name="TC_008__total_billable_and_non_billable_hour_according_to_year_dropdown" time="48.616"/>
  <testcase classname="test.ViewerDashboardTest" name="TC_010_reportee_dropdown" time="48.460"/>
  <testcase classname="test.ViewerDashboardTest" name="TC_011_Verification_of_filter_reset_operation" time="54.844"/>
</testsuite> <!-- test.ViewerDashboardTest -->
